0 verbose cli /usr/local/bin/node /usr/local/bin/npm
1 info using npm@10.2.3
2 info using node@v20.10.0
3 timing npm:load:whichnode Completed in 1ms
4 timing config:load:defaults Completed in 2ms
5 timing config:load:file:/usr/local/lib/node_modules/npm/npmrc Completed in 1ms
6 timing config:load:builtin Completed in 1ms
7 timing config:load:cli Completed in 3ms
8 timing config:load:env Completed in 0ms
9 timing config:load:file:/Users/gaurav.gupta/Documents/antigravity/dazzling-curie/client/.npmrc Completed in 0ms
10 timing config:load:project Completed in 1ms
11 timing config:load:file:/Users/gaurav.gupta/.npmrc Completed in 0ms
12 timing config:load:user Completed in 1ms
13 timing config:load:file:/Users/gaurav.gupta/Documents/antigravity/dazzling-curie/client/etc/npmrc Completed in 1ms
14 timing config:load:global Completed in 1ms
15 timing config:load:setEnvs Completed in 2ms
16 timing config:load Completed in 12ms
17 timing npm:load:configload Completed in 13ms
18 timing config:load:flatten Completed in 3ms
19 timing npm:load:mkdirpcache Completed in 1ms
20 timing npm:load:mkdirplogs Completed in 0ms
21 verbose title npm install @capacitor/cli@6 @capacitor/android@6 @capacitor/ios@6
22 verbose argv "install" "--save-dev" "--prefix" "client" "--cache" "/Users/gaurav.gupta/Documents/antigravity/dazzling-curie/.npm-cache" "@capacitor/cli@6" "@capacitor/android@6" "@capacitor/ios@6"
23 timing npm:load:setTitle Completed in 29ms
24 timing npm:load:display Completed in 1ms
25 verbose logfile logs-max:10 dir:/Users/gaurav.gupta/Documents/antigravity/dazzling-curie/.npm-cache/_logs/2026-05-30T11_07_30_993Z-
26 verbose logfile /Users/gaurav.gupta/Documents/antigravity/dazzling-curie/.npm-cache/_logs/2026-05-30T11_07_30_993Z-debug-0.log
27 timing npm:load:logFile Completed in 15ms
28 timing npm:load:timers Completed in 0ms
29 timing npm:load:configScope Completed in 0ms
30 timing npm:load Completed in 81ms
31 timing arborist:ctor Completed in 3ms
32 silly logfile done cleaning log files
33 timing idealTree:init Completed in 250ms
34 timing idealTree:userRequests Completed in 2ms
35 silly idealTree buildDeps
36 silly fetch manifest @capacitor/android@6
37 timing arborist:ctor Completed in 0ms
38 http fetch GET 200 https://registry.npmjs.org/@capacitor%2fandroid 129ms (cache hit)
39 silly fetch manifest @capacitor/core@^6.2.1
40 http fetch GET 200 https://registry.npmjs.org/@capacitor%2fcore 18ms (cache hit)
41 silly fetch manifest @capacitor/cli@6
42 http fetch GET 200 https://registry.npmjs.org/@capacitor%2fcli 27ms (cache hit)
43 silly fetch manifest @capacitor/ios@6
44 http fetch GET 200 https://registry.npmjs.org/@capacitor%2fios 13ms (cache hit)
45 silly placeDep ROOT @capacitor/android@6.2.1 REPLACE for: client@0.0.0 want: 6
46 silly placeDep ROOT @capacitor/cli@6.2.1 REPLACE for: client@0.0.0 want: 6
47 silly fetch manifest tar@^6.1.11
48 silly fetch manifest rimraf@^4.4.1
49 silly fetch manifest xml2js@^0.5.0
50 silly fetch manifest commander@^9.3.0
51 silly fetch manifest @ionic/utils-subprocess@2.1.11
52 silly placeDep ROOT @capacitor/ios@6.2.1 REPLACE for: client@0.0.0 want: 6
53 http fetch GET 200 https://registry.npmjs.org/xml2js 25ms (cache hit)
54 http fetch GET 200 https://registry.npmjs.org/rimraf 27ms (cache hit)
55 http fetch GET 200 https://registry.npmjs.org/tar 31ms (cache hit)
56 http fetch GET 200 https://registry.npmjs.org/commander 33ms (cache hit)
57 http fetch GET 200 https://registry.npmjs.org/@ionic%2futils-subprocess 37ms (cache hit)
58 timing idealTree:#root Completed in 387ms
59 timing idealTree:node_modules/@capacitor/android Completed in 0ms
60 silly placeDep ROOT @ionic/utils-subprocess@2.1.11 OK for: @capacitor/cli@6.2.1 want: 2.1.11
61 silly fetch manifest @ionic/utils-array@2.1.5
62 silly fetch manifest @ionic/utils-fs@3.1.6
63 silly fetch manifest @ionic/utils-process@2.1.10
64 silly fetch manifest @ionic/utils-stream@3.1.5
65 silly fetch manifest @ionic/utils-terminal@2.3.3
66 silly placeDep ROOT commander@9.5.0 OK for: @capacitor/cli@6.2.1 want: ^9.3.0
67 silly placeDep ROOT rimraf@4.4.1 OK for: @capacitor/cli@6.2.1 want: ^4.4.1
68 silly fetch manifest glob@^9.2.0
69 silly placeDep ROOT tar@6.2.1 OK for: @capacitor/cli@6.2.1 want: ^6.1.11
70 silly fetch manifest chownr@^2.0.0
71 silly fetch manifest mkdirp@^1.0.3
72 silly fetch manifest yallist@^4.0.0
73 silly fetch manifest minipass@^5.0.0
74 silly fetch manifest minizlib@^2.1.1
75 silly fetch manifest fs-minipass@^2.0.0
76 silly placeDep ROOT xml2js@0.5.0 OK for: @capacitor/cli@6.2.1 want: ^0.5.0
77 silly fetch manifest xmlbuilder@~11.0.0
78 http fetch GET 200 https://registry.npmjs.org/@ionic%2futils-array 152ms (cache hit)
79 http fetch GET 200 https://registry.npmjs.org/@ionic%2futils-process 153ms (cache hit)
80 http fetch GET 200 https://registry.npmjs.org/@ionic%2futils-stream 163ms (cache hit)
81 http fetch GET 200 https://registry.npmjs.org/@ionic%2futils-fs 166ms (cache hit)
82 http fetch GET 200 https://registry.npmjs.org/glob 162ms (cache hit)
83 http fetch GET 200 https://registry.npmjs.org/@ionic%2futils-terminal 178ms (cache hit)
84 http fetch GET 200 https://registry.npmjs.org/yallist 177ms (cache hit)
85 http fetch GET 200 https://registry.npmjs.org/chownr 182ms (cache hit)
86 http fetch GET 200 https://registry.npmjs.org/minizlib 183ms (cache hit)
87 http fetch GET 200 https://registry.npmjs.org/minipass 190ms (cache hit)
88 http fetch GET 200 https://registry.npmjs.org/xmlbuilder 228ms (cache hit)
89 http fetch GET 200 https://registry.npmjs.org/mkdirp 290ms (cache revalidated)
90 http fetch GET 200 https://registry.npmjs.org/fs-minipass 292ms (cache miss)
91 timing idealTree:node_modules/@capacitor/cli Completed in 315ms
92 timing idealTree:node_modules/@capacitor/ios Completed in 0ms
93 silly placeDep ROOT @ionic/utils-array@2.1.5 OK for: @ionic/utils-subprocess@2.1.11 want: 2.1.5
94 silly placeDep node_modules/@ionic/utils-subprocess @ionic/utils-fs@3.1.6 OK for: @ionic/utils-subprocess@2.1.11 want: 3.1.6
95 silly fetch manifest fs-extra@^9.0.0
96 silly placeDep ROOT @ionic/utils-process@2.1.10 OK for: @ionic/utils-subprocess@2.1.11 want: 2.1.10
97 silly fetch manifest @ionic/utils-object@2.1.5
98 silly fetch manifest tree-kill@^1.2.2
99 silly placeDep ROOT @ionic/utils-stream@3.1.5 OK for: @ionic/utils-subprocess@2.1.11 want: 3.1.5
100 silly placeDep node_modules/@ionic/utils-subprocess @ionic/utils-terminal@2.3.3 OK for: @ionic/utils-subprocess@2.1.11 want: 2.3.3
101 http fetch GET 200 https://registry.npmjs.org/tree-kill 32ms (cache hit)
102 http fetch GET 200 https://registry.npmjs.org/@ionic%2futils-object 42ms (cache hit)
103 http fetch GET 200 https://registry.npmjs.org/fs-extra 73ms (cache hit)
104 timing idealTree:node_modules/@ionic/utils-subprocess Completed in 85ms
105 timing idealTree:node_modules/@ionic/utils-array Completed in 0ms
106 silly placeDep ROOT @ionic/utils-object@2.1.5 OK for: @ionic/utils-process@2.1.10 want: 2.1.5
107 silly placeDep node_modules/@ionic/utils-process @ionic/utils-terminal@2.3.3 OK for: @ionic/utils-process@2.1.10 want: 2.3.3
108 silly placeDep ROOT tree-kill@1.2.2 OK for: @ionic/utils-process@2.1.10 want: ^1.2.2
109 timing idealTree:node_modules/@ionic/utils-process Completed in 31ms
110 timing idealTree:node_modules/@ionic/utils-object Completed in 0ms
111 timing idealTree:node_modules/@ionic/utils-stream Completed in 0ms
112 timing idealTree:node_modules/@tailwindcss/oxide-wasm32-wasi Completed in 0ms
113 timing idealTree:node_modules/commander Completed in 0ms
114 silly placeDep ROOT glob@9.3.5 OK for: rimraf@4.4.1 want: ^9.2.0
115 silly fetch manifest minipass@^4.2.4
116 silly fetch manifest minimatch@^8.0.2
117 silly fetch manifest fs.realpath@^1.0.0
118 silly fetch manifest path-scurry@^1.6.1
119 http fetch GET 200 https://registry.npmjs.org/minimatch 29ms (cache hit)
120 http fetch GET 200 https://registry.npmjs.org/path-scurry 30ms (cache hit)
121 http fetch GET 200 https://registry.npmjs.org/fs.realpath 55ms (cache revalidated)
122 timing idealTree:node_modules/rimraf Completed in 61ms
123 silly placeDep ROOT fs.realpath@1.0.0 OK for: glob@9.3.5 want: ^1.0.0
124 silly placeDep node_modules/glob minimatch@8.0.7 OK for: glob@9.3.5 want: ^8.0.2
125 silly fetch manifest brace-expansion@^2.0.1
126 silly placeDep ROOT minipass@4.2.8 OK for: glob@9.3.5 want: ^4.2.4
127 silly placeDep ROOT path-scurry@1.11.1 OK for: glob@9.3.5 want: ^1.6.1
128 silly fetch manifest minipass@^5.0.0 || ^6.0.2 || ^7.0.0
129 silly fetch manifest lru-cache@^10.2.0
130 http fetch GET 200 https://registry.npmjs.org/brace-expansion 15ms (cache hit)
131 http fetch GET 200 https://registry.npmjs.org/lru-cache 11ms (cache hit)
132 timing idealTree:node_modules/glob Completed in 27ms
133 timing idealTree:node_modules/fs.realpath Completed in 1ms
134 timing idealTree:node_modules/minipass Completed in 0ms
135 silly placeDep node_modules/path-scurry lru-cache@10.4.3 OK for: path-scurry@1.11.1 want: ^10.2.0
136 silly placeDep node_modules/path-scurry minipass@7.1.3 OK for: path-scurry@1.11.1 want: ^5.0.0 || ^6.0.2 || ^7.0.0
137 timing idealTree:node_modules/path-scurry Completed in 4ms
138 silly placeDep ROOT chownr@2.0.0 OK for: tar@6.2.1 want: ^2.0.0
139 silly placeDep ROOT fs-minipass@2.1.0 OK for: tar@6.2.1 want: ^2.0.0
140 silly fetch manifest minipass@^3.0.0
141 silly placeDep node_modules/tar minipass@5.0.0 OK for: tar@6.2.1 want: ^5.0.0
142 silly placeDep ROOT minizlib@2.1.2 OK for: tar@6.2.1 want: ^2.1.1
143 silly placeDep ROOT mkdirp@1.0.4 OK for: tar@6.2.1 want: ^1.0.3
144 silly placeDep node_modules/tar yallist@4.0.0 OK for: tar@6.2.1 want: ^4.0.0
145 timing idealTree:node_modules/tar Completed in 16ms
146 timing idealTree:node_modules/chownr Completed in 0ms
147 silly placeDep node_modules/fs-minipass minipass@3.3.6 OK for: fs-minipass@2.1.0 want: ^3.0.0
148 timing idealTree:node_modules/fs-minipass Completed in 2ms
149 silly placeDep node_modules/minizlib minipass@3.3.6 OK for: minizlib@2.1.2 want: ^3.0.0
150 silly placeDep node_modules/minizlib yallist@4.0.0 OK for: minizlib@2.1.2 want: ^4.0.0
151 timing idealTree:node_modules/minizlib Completed in 6ms
152 timing idealTree:node_modules/mkdirp Completed in 0ms
153 timing idealTree:node_modules/tree-kill Completed in 0ms
154 silly placeDep node_modules/xml2js xmlbuilder@11.0.1 OK for: xml2js@0.5.0 want: ~11.0.0
155 timing idealTree:node_modules/xml2js Completed in 1ms
156 timing idealTree:node_modules/@ionic/utils-process/node_modules/@ionic/utils-terminal Completed in 0ms
157 silly placeDep ROOT fs-extra@9.1.0 OK for: @ionic/utils-fs@3.1.6 want: ^9.0.0
158 timing idealTree:node_modules/@ionic/utils-subprocess/node_modules/@ionic/utils-fs Completed in 4ms
159 timing idealTree:node_modules/fs-extra Completed in 0ms
160 timing idealTree:node_modules/@ionic/utils-subprocess/node_modules/@ionic/utils-terminal Completed in 0ms
161 silly placeDep node_modules/fs-minipass yallist@4.0.0 OK for: minipass@3.3.6 want: ^4.0.0
162 timing idealTree:node_modules/fs-minipass/node_modules/minipass Completed in 2ms
163 timing idealTree:node_modules/fs-minipass/node_modules/yallist Completed in 1ms
164 silly placeDep node_modules/glob brace-expansion@2.1.1 OK for: minimatch@8.0.7 want: ^2.0.1
165 timing idealTree:node_modules/glob/node_modules/minimatch Completed in 5ms
166 timing idealTree:node_modules/glob/node_modules/brace-expansion Completed in 0ms
167 timing idealTree:node_modules/minizlib/node_modules/minipass Completed in 0ms
168 timing idealTree:node_modules/minizlib/node_modules/yallist Completed in 0ms
169 timing idealTree:node_modules/path-scurry/node_modules/lru-cache Completed in 0ms
170 timing idealTree:node_modules/path-scurry/node_modules/minipass Completed in 0ms
171 timing idealTree:node_modules/tar/node_modules/minipass Completed in 0ms
172 timing idealTree:node_modules/tar/node_modules/yallist Completed in 0ms
173 timing idealTree:node_modules/xml2js/node_modules/xmlbuilder Completed in 0ms
174 timing idealTree:buildDeps Completed in 955ms
175 timing idealTree:fixDepFlags Completed in 8ms
176 warn EBADENGINE Unsupported engine {
176 warn EBADENGINE   package: 'eslint-visitor-keys@5.0.1',
176 warn EBADENGINE   required: { node: '^20.19.0 || ^22.13.0 || >=24' },
176 warn EBADENGINE   current: { node: 'v20.10.0', npm: '10.2.3' }
176 warn EBADENGINE }
177 timing idealTree Completed in 1236ms
178 timing reify:loadTrees Completed in 1238ms
179 timing reify:diffTrees Completed in 30ms
180 silly reify mark retired [
180 silly reify   '/Users/gaurav.gupta/Documents/antigravity/dazzling-curie/client/node_modules/@capacitor/android'
180 silly reify ]
181 silly reify mark retired [
181 silly reify   '/Users/gaurav.gupta/Documents/antigravity/dazzling-curie/client/node_modules/@capacitor/cli',
181 silly reify   '/Users/gaurav.gupta/Documents/antigravity/dazzling-curie/client/node_modules/.bin/cap',
181 silly reify   '/Users/gaurav.gupta/Documents/antigravity/dazzling-curie/client/node_modules/.bin/capacitor'
181 silly reify ]
182 silly reify mark retired [
182 silly reify   '/Users/gaurav.gupta/Documents/antigravity/dazzling-curie/client/node_modules/@capacitor/ios'
182 silly reify ]
183 silly reify mark retired [
183 silly reify   '/Users/gaurav.gupta/Documents/antigravity/dazzling-curie/client/node_modules/@ionic/utils-array'
183 silly reify ]
184 silly reify mark retired [
184 silly reify   '/Users/gaurav.gupta/Documents/antigravity/dazzling-curie/client/node_modules/@ionic/utils-fs/node_modules/fs-extra'
184 silly reify ]
185 silly reify mark retired [
185 silly reify   '/Users/gaurav.gupta/Documents/antigravity/dazzling-curie/client/node_modules/@ionic/utils-object'
185 silly reify ]
186 silly reify mark retired [
186 silly reify   '/Users/gaurav.gupta/Documents/antigravity/dazzling-curie/client/node_modules/@ionic/utils-process'
186 silly reify ]
187 silly reify mark retired [
187 silly reify   '/Users/gaurav.gupta/Documents/antigravity/dazzling-curie/client/node_modules/@ionic/utils-stream'
187 silly reify ]
188 silly reify mark retired [
188 silly reify   '/Users/gaurav.gupta/Documents/antigravity/dazzling-curie/client/node_modules/@ionic/utils-subprocess'
188 silly reify ]
189 silly reify mark retired [
189 silly reify   '/Users/gaurav.gupta/Documents/antigravity/dazzling-curie/client/node_modules/@isaacs/fs-minipass'
189 silly reify ]
190 silly reify mark retired [
190 silly reify   '/Users/gaurav.gupta/Documents/antigravity/dazzling-curie/client/node_modules/chownr'
190 silly reify ]
191 silly reify mark retired [
191 silly reify   '/Users/gaurav.gupta/Documents/antigravity/dazzling-curie/client/node_modules/commander'
191 silly reify ]
192 silly reify mark retired [
192 silly reify   '/Users/gaurav.gupta/Documents/antigravity/dazzling-curie/client/node_modules/fs-extra'
192 silly reify ]
193 silly reify mark retired [
193 silly reify   '/Users/gaurav.gupta/Documents/antigravity/dazzling-curie/client/node_modules/glob'
193 silly reify ]
194 silly reify mark retired [
194 silly reify   '/Users/gaurav.gupta/Documents/antigravity/dazzling-curie/client/node_modules/minipass'
194 silly reify ]
195 silly reify mark retired [
195 silly reify   '/Users/gaurav.gupta/Documents/antigravity/dazzling-curie/client/node_modules/minizlib'
195 silly reify ]
196 silly reify mark retired [
196 silly reify   '/Users/gaurav.gupta/Documents/antigravity/dazzling-curie/client/node_modules/package-json-from-dist'
196 silly reify ]
197 silly reify mark retired [
197 silly reify   '/Users/gaurav.gupta/Documents/antigravity/dazzling-curie/client/node_modules/path-scurry'
197 silly reify ]
198 silly reify mark retired [
198 silly reify   '/Users/gaurav.gupta/Documents/antigravity/dazzling-curie/client/node_modules/rimraf',
198 silly reify   '/Users/gaurav.gupta/Documents/antigravity/dazzling-curie/client/node_modules/.bin/rimraf'
198 silly reify ]
199 silly reify mark retired [
199 silly reify   '/Users/gaurav.gupta/Documents/antigravity/dazzling-curie/client/node_modules/tar'
199 silly reify ]
200 silly reify mark retired [
200 silly reify   '/Users/gaurav.gupta/Documents/antigravity/dazzling-curie/client/node_modules/xml2js'
200 silly reify ]
201 silly reify moves {
201 silly reify   '/Users/gaurav.gupta/Documents/antigravity/dazzling-curie/client/node_modules/@capacitor/android': '/Users/gaurav.gupta/Documents/antigravity/dazzling-curie/client/node_modules/@capacitor/.android-cBsCEgvd',
201 silly reify   '/Users/gaurav.gupta/Documents/antigravity/dazzling-curie/client/node_modules/@capacitor/cli': '/Users/gaurav.gupta/Documents/antigravity/dazzling-curie/client/node_modules/@capacitor/.cli-DhHC874c',
201 silly reify   '/Users/gaurav.gupta/Documents/antigravity/dazzling-curie/client/node_modules/.bin/cap': '/Users/gaurav.gupta/Documents/antigravity/dazzling-curie/client/node_modules/.bin/.cap-IIjzJAO9',
201 silly reify   '/Users/gaurav.gupta/Documents/antigravity/dazzling-curie/client/node_modules/.bin/capacitor': '/Users/gaurav.gupta/Documents/antigravity/dazzling-curie/client/node_modules/.bin/.capacitor-RsSgu3SV',
201 silly reify   '/Users/gaurav.gupta/Documents/antigravity/dazzling-curie/client/node_modules/@capacitor/ios': '/Users/gaurav.gupta/Documents/antigravity/dazzling-curie/client/node_modules/@capacitor/.ios-jts5ArA5',
201 silly reify   '/Users/gaurav.gupta/Documents/antigravity/dazzling-curie/client/node_modules/@ionic/utils-array': '/Users/gaurav.gupta/Documents/antigravity/dazzling-curie/client/node_modules/@ionic/.utils-array-jUqWo5cF',
201 silly reify   '/Users/gaurav.gupta/Documents/antigravity/dazzling-curie/client/node_modules/@ionic/utils-fs/node_modules/fs-extra': '/Users/gaurav.gupta/Documents/antigravity/dazzling-curie/client/node_modules/@ionic/utils-fs/node_modules/.fs-extra-98s83Blt',
201 silly reify   '/Users/gaurav.gupta/Documents/antigravity/dazzling-curie/client/node_modules/@ionic/utils-object': '/Users/gaurav.gupta/Documents/antigravity/dazzling-curie/client/node_modules/@ionic/.utils-object-rqkzzAOX',
201 silly reify   '/Users/gaurav.gupta/Documents/antigravity/dazzling-curie/client/node_modules/@ionic/utils-process': '/Users/gaurav.gupta/Documents/antigravity/dazzling-curie/client/node_modules/@ionic/.utils-process-OAQcnXsf',
201 silly reify   '/Users/gaurav.gupta/Documents/antigravity/dazzling-curie/client/node_modules/@ionic/utils-stream': '/Users/gaurav.gupta/Documents/antigravity/dazzling-curie/client/node_modules/@ionic/.utils-stream-OAs1tzs1',
201 silly reify   '/Users/gaurav.gupta/Documents/antigravity/dazzling-curie/client/node_modules/@ionic/utils-subprocess': '/Users/gaurav.gupta/Documents/antigravity/dazzling-curie/client/node_modules/@ionic/.utils-subprocess-ZEHj9FgO',
201 silly reify   '/Users/gaurav.gupta/Documents/antigravity/dazzling-curie/client/node_modules/@isaacs/fs-minipass': '/Users/gaurav.gupta/Documents/antigravity/dazzling-curie/client/node_modules/@isaacs/.fs-minipass-D9UaA6aA',
201 silly reify   '/Users/gaurav.gupta/Documents/antigravity/dazzling-curie/client/node_modules/chownr': '/Users/gaurav.gupta/Documents/antigravity/dazzling-curie/client/node_modules/.chownr-lzi2e3SZ',
201 silly reify   '/Users/gaurav.gupta/Documents/antigravity/dazzling-curie/client/node_modules/commander': '/Users/gaurav.gupta/Documents/antigravity/dazzling-curie/client/node_modules/.commander-QFoI37hU',
201 silly reify   '/Users/gaurav.gupta/Documents/antigravity/dazzling-curie/client/node_modules/fs-extra': '/Users/gaurav.gupta/Documents/antigravity/dazzling-curie/client/node_modules/.fs-extra-qOi35hxa',
201 silly reify   '/Users/gaurav.gupta/Documents/antigravity/dazzling-curie/client/node_modules/glob': '/Users/gaurav.gupta/Documents/antigravity/dazzling-curie/client/node_modules/.glob-etbPSzmC',
201 silly reify   '/Users/gaurav.gupta/Documents/antigravity/dazzling-curie/client/node_modules/minipass': '/Users/gaurav.gupta/Documents/antigravity/dazzling-curie/client/node_modules/.minipass-OU65ayxa',
201 silly reify   '/Users/gaurav.gupta/Documents/antigravity/dazzling-curie/client/node_modules/minizlib': '/Users/gaurav.gupta/Documents/antigravity/dazzling-curie/client/node_modules/.minizlib-k3nXrTkg',
201 silly reify   '/Users/gaurav.gupta/Documents/antigravity/dazzling-curie/client/node_modules/package-json-from-dist': '/Users/gaurav.gupta/Documents/antigravity/dazzling-curie/client/node_modules/.package-json-from-dist-gbt1p1qQ',
201 silly reify   '/Users/gaurav.gupta/Documents/antigravity/dazzling-curie/client/node_modules/path-scurry': '/Users/gaurav.gupta/Documents/antigravity/dazzling-curie/client/node_modules/.path-scurry-OH7hcg5X',
201 silly reify   '/Users/gaurav.gupta/Documents/antigravity/dazzling-curie/client/node_modules/rimraf': '/Users/gaurav.gupta/Documents/antigravity/dazzling-curie/client/node_modules/.rimraf-8kxcjvB9',
201 silly reify   '/Users/gaurav.gupta/Documents/antigravity/dazzling-curie/client/node_modules/.bin/rimraf': '/Users/gaurav.gupta/Documents/antigravity/dazzling-curie/client/node_modules/.bin/.rimraf-OF34692M',
201 silly reify   '/Users/gaurav.gupta/Documents/antigravity/dazzling-curie/client/node_modules/tar': '/Users/gaurav.gupta/Documents/antigravity/dazzling-curie/client/node_modules/.tar-p38RSgKp',
201 silly reify   '/Users/gaurav.gupta/Documents/antigravity/dazzling-curie/client/node_modules/xml2js': '/Users/gaurav.gupta/Documents/antigravity/dazzling-curie/client/node_modules/.xml2js-gyGlFJAV'
201 silly reify }
202 timing reify:retireShallow Completed in 19ms
203 timing reify:createSparse Completed in 25ms
204 verbose reify failed optional dependency /Users/gaurav.gupta/Documents/antigravity/dazzling-curie/client/node_modules/@tailwindcss/oxide-wasm32-wasi
205 silly reify mark deleted [
205 silly reify   '/Users/gaurav.gupta/Documents/antigravity/dazzling-curie/client/node_modules/@tailwindcss/oxide-wasm32-wasi'
205 silly reify ]
206 timing reifyNode:node_modules/@tailwindcss/oxide-wasm32-wasi Completed in 2ms
207 timing arborist:ctor Completed in 0ms
208 timing reify:diffTrees Completed in 13ms
209 timing reify:loadBundles Completed in 19ms
210 silly audit bulk request {
210 silly audit   '@babel/code-frame': [ '7.29.7' ],
210 silly audit   '@babel/compat-data': [ '7.29.7' ],
210 silly audit   '@babel/core': [ '7.29.7' ],
210 silly audit   '@babel/generator': [ '7.29.7' ],
210 silly audit   '@babel/helper-compilation-targets': [ '7.29.7' ],
210 silly audit   '@babel/helper-globals': [ '7.29.7' ],
210 silly audit   '@babel/helper-module-imports': [ '7.29.7' ],
210 silly audit   '@babel/helper-module-transforms': [ '7.29.7' ],
210 silly audit   '@babel/helper-plugin-utils': [ '7.29.7' ],
210 silly audit   '@babel/helper-string-parser': [ '7.29.7' ],
210 silly audit   '@babel/helper-validator-identifier': [ '7.29.7' ],
210 silly audit   '@babel/helper-validator-option': [ '7.29.7' ],
210 silly audit   '@babel/helpers': [ '7.29.7' ],
210 silly audit   '@babel/parser': [ '7.29.7' ],
210 silly audit   '@babel/plugin-transform-react-jsx-self': [ '7.29.7' ],
210 silly audit   '@babel/plugin-transform-react-jsx-source': [ '7.29.7' ],
210 silly audit   '@babel/template': [ '7.29.7' ],
210 silly audit   '@babel/traverse': [ '7.29.7' ],
210 silly audit   '@babel/types': [ '7.29.7' ],
210 silly audit   semver: [ '7.8.1', '6.3.1' ],
210 silly audit   '@capacitor/core': [ '6.2.1' ],
210 silly audit   '@esbuild/aix-ppc64': [ '0.21.5' ],
210 silly audit   '@esbuild/android-arm': [ '0.21.5' ],
210 silly audit   '@esbuild/android-arm64': [ '0.21.5' ],
210 silly audit   '@esbuild/android-x64': [ '0.21.5' ],
210 silly audit   '@esbuild/darwin-arm64': [ '0.21.5' ],
210 silly audit   '@esbuild/darwin-x64': [ '0.21.5' ],
210 silly audit   '@esbuild/freebsd-arm64': [ '0.21.5' ],
210 silly audit   '@esbuild/freebsd-x64': [ '0.21.5' ],
210 silly audit   '@esbuild/linux-arm': [ '0.21.5' ],
210 silly audit   '@esbuild/linux-arm64': [ '0.21.5' ],
210 silly audit   '@esbuild/linux-ia32': [ '0.21.5' ],
210 silly audit   '@esbuild/linux-loong64': [ '0.21.5' ],
210 silly audit   '@esbuild/linux-mips64el': [ '0.21.5' ],
210 silly audit   '@esbuild/linux-ppc64': [ '0.21.5' ],
210 silly audit   '@esbuild/linux-riscv64': [ '0.21.5' ],
210 silly audit   '@esbuild/linux-s390x': [ '0.21.5' ],
210 silly audit   '@esbuild/linux-x64': [ '0.21.5' ],
210 silly audit   '@esbuild/netbsd-x64': [ '0.21.5' ],
210 silly audit   '@esbuild/openbsd-x64': [ '0.21.5' ],
210 silly audit   '@esbuild/sunos-x64': [ '0.21.5' ],
210 silly audit   '@esbuild/win32-arm64': [ '0.21.5' ],
210 silly audit   '@esbuild/win32-ia32': [ '0.21.5' ],
210 silly audit   '@esbuild/win32-x64': [ '0.21.5' ],
210 silly audit   '@eslint-community/eslint-utils': [ '4.9.1' ],
210 silly audit   'eslint-visitor-keys': [ '3.4.3', '5.0.1', '4.2.1' ],
210 silly audit   '@eslint-community/regexpp': [ '4.12.2' ],
210 silly audit   '@eslint/config-array': [ '0.21.2' ],
210 silly audit   '@eslint/config-helpers': [ '0.4.2' ],
210 silly audit   '@eslint/core': [ '0.17.0' ],
210 silly audit   '@eslint/eslintrc': [ '3.3.5' ],
210 silly audit   globals: [ '14.0.0', '15.15.0' ],
210 silly audit   '@eslint/js': [ '9.39.4' ],
210 silly audit   '@eslint/object-schema': [ '2.1.7' ],
210 silly audit   '@eslint/plugin-kit': [ '0.4.1' ],
210 silly audit   '@humanfs/core': [ '0.19.2' ],
210 silly audit   '@humanfs/node': [ '0.16.8' ],
210 silly audit   '@humanfs/types': [ '0.15.0' ],
210 silly audit   '@humanwhocodes/module-importer': [ '1.0.1' ],
210 silly audit   '@humanwhocodes/retry': [ '0.4.3' ],
210 silly audit   '@ionic/cli-framework-output': [ '2.2.8' ],
210 silly audit   '@ionic/utils-fs': [ '3.1.7', '3.1.6' ],
210 silly audit   'fs-extra': [ '9.1.0' ],
210 silly audit   '@ionic/utils-terminal': [ '2.3.5', '2.3.3' ],
210 silly audit   '@jridgewell/gen-mapping': [ '0.3.13' ],
210 silly audit   '@jridgewell/remapping': [ '2.3.5' ],
210 silly audit   '@jridgewell/resolve-uri': [ '3.1.2' ],
210 silly audit   '@jridgewell/sourcemap-codec': [ '1.5.5' ],
210 silly audit   '@jridgewell/trace-mapping': [ '0.3.31' ],
210 silly audit   '@reduxjs/toolkit': [ '2.12.0' ],
210 silly audit   immer: [ '11.1.8', '10.2.0' ],
210 silly audit   '@rolldown/pluginutils': [ '1.0.0-beta.27' ],
210 silly audit   '@rollup/rollup-android-arm-eabi': [ '4.60.4' ],
210 silly audit   '@rollup/rollup-android-arm64': [ '4.60.4' ],
210 silly audit   '@rollup/rollup-darwin-arm64': [ '4.60.4' ],
210 silly audit   '@rollup/rollup-darwin-x64': [ '4.60.4' ],
210 silly audit   '@rollup/rollup-freebsd-arm64': [ '4.60.4' ],
210 silly audit   '@rollup/rollup-freebsd-x64': [ '4.60.4' ],
210 silly audit   '@rollup/rollup-linux-arm-gnueabihf': [ '4.60.4' ],
210 silly audit   '@rollup/rollup-linux-arm-musleabihf': [ '4.60.4' ],
210 silly audit   '@rollup/rollup-linux-arm64-gnu': [ '4.60.4' ],
210 silly audit   '@rollup/rollup-linux-arm64-musl': [ '4.60.4' ],
210 silly audit   '@rollup/rollup-linux-loong64-gnu': [ '4.60.4' ],
210 silly audit   '@rollup/rollup-linux-loong64-musl': [ '4.60.4' ],
210 silly audit   '@rollup/rollup-linux-ppc64-gnu': [ '4.60.4' ],
210 silly audit   '@rollup/rollup-linux-ppc64-musl': [ '4.60.4' ],
210 silly audit   '@rollup/rollup-linux-riscv64-gnu': [ '4.60.4' ],
210 silly audit   '@rollup/rollup-linux-riscv64-musl': [ '4.60.4' ],
210 silly audit   '@rollup/rollup-linux-s390x-gnu': [ '4.60.4' ],
210 silly audit   '@rollup/rollup-linux-x64-gnu': [ '4.60.4' ],
210 silly audit   '@rollup/rollup-linux-x64-musl': [ '4.60.4' ],
210 silly audit   '@rollup/rollup-openbsd-x64': [ '4.60.4' ],
210 silly audit   '@rollup/rollup-openharmony-arm64': [ '4.60.4' ],
210 silly audit   '@rollup/rollup-win32-arm64-msvc': [ '4.60.4' ],
210 silly audit   '@rollup/rollup-win32-ia32-msvc': [ '4.60.4' ],
210 silly audit   '@rollup/rollup-win32-x64-gnu': [ '4.60.4' ],
210 silly audit   '@rollup/rollup-win32-x64-msvc': [ '4.60.4' ],
210 silly audit   '@standard-schema/spec': [ '1.1.0' ],
210 silly audit   '@standard-schema/utils': [ '0.3.0' ],
210 silly audit   '@tailwindcss/node': [ '4.3.0' ],
210 silly audit   '@tailwindcss/oxide': [ '4.3.0' ],
210 silly audit   '@tailwindcss/oxide-android-arm64': [ '4.3.0' ],
210 silly audit   '@tailwindcss/oxide-darwin-arm64': [ '4.3.0' ],
210 silly audit   '@tailwindcss/oxide-darwin-x64': [ '4.3.0' ],
210 silly audit   '@tailwindcss/oxide-freebsd-x64': [ '4.3.0' ],
210 silly audit   '@tailwindcss/oxide-linux-arm-gnueabihf': [ '4.3.0' ],
210 silly audit   '@tailwindcss/oxide-linux-arm64-gnu': [ '4.3.0' ],
210 silly audit   '@tailwindcss/oxide-linux-arm64-musl': [ '4.3.0' ],
210 silly audit   '@tailwindcss/oxide-linux-x64-gnu': [ '4.3.0' ],
210 silly audit   '@tailwindcss/oxide-linux-x64-musl': [ '4.3.0' ],
210 silly audit   '@tailwindcss/oxide-win32-arm64-msvc': [ '4.3.0' ],
210 silly audit   '@tailwindcss/oxide-win32-x64-msvc': [ '4.3.0' ],
210 silly audit   '@tailwindcss/vite': [ '4.3.0' ],
210 silly audit   '@types/babel__core': [ '7.20.5' ],
210 silly audit   '@types/babel__generator': [ '7.27.0' ],
210 silly audit   '@types/babel__template': [ '7.4.4' ],
210 silly audit   '@types/babel__traverse': [ '7.28.0' ],
210 silly audit   '@types/d3-array': [ '3.2.2' ],
210 silly audit   '@types/d3-color': [ '3.1.3' ],
210 silly audit   '@types/d3-ease': [ '3.0.2' ],
210 silly audit   '@types/d3-interpolate': [ '3.0.4' ],
210 silly audit   '@types/d3-path': [ '3.1.1' ],
210 silly audit   '@types/d3-scale': [ '4.0.9' ],
210 silly audit   '@types/d3-shape': [ '3.1.8' ],
210 silly audit   '@types/d3-time': [ '3.0.4' ],
210 silly audit   '@types/d3-timer': [ '3.0.2' ],
210 silly audit   '@types/estree': [ '1.0.9', '1.0.8' ],
210 silly audit   '@types/fs-extra': [ '8.1.5' ],
210 silly audit   '@types/json-schema': [ '7.0.15' ],
210 silly audit   '@types/node': [ '25.9.1' ],
210 silly audit   '@types/prop-types': [ '15.7.15' ],
210 silly audit   '@types/react': [ '18.3.29' ],
210 silly audit   '@types/react-dom': [ '18.3.7' ],
210 silly audit   '@types/slice-ansi': [ '4.0.0' ],
210 silly audit   '@types/use-sync-external-store': [ '0.0.6' ],
210 silly audit   '@typescript-eslint/eslint-plugin': [ '8.60.0' ],
210 silly audit   ignore: [ '7.0.5', '5.3.2' ],
210 silly audit   '@typescript-eslint/parser': [ '8.60.0' ],
210 silly audit   '@typescript-eslint/project-service': [ '8.60.0' ],
210 silly audit   '@typescript-eslint/scope-manager': [ '8.60.0' ],
210 silly audit   '@typescript-eslint/tsconfig-utils': [ '8.60.0' ],
210 silly audit   '@typescript-eslint/type-utils': [ '8.60.0' ],
210 silly audit   '@typescript-eslint/types': [ '8.60.0' ],
210 silly audit   '@typescript-eslint/typescript-estree': [ '8.60.0' ],
210 silly audit   'balanced-match': [ '4.0.4', '1.0.2' ],
210 silly audit   'brace-expansion': [ '5.0.6', '1.1.15', '2.1.1' ],
210 silly audit   minimatch: [ '10.2.5', '3.1.5', '8.0.7' ],
210 silly audit   '@typescript-eslint/utils': [ '8.60.0' ],
210 silly audit   '@typescript-eslint/visitor-keys': [ '8.60.0' ],
210 silly audit   '@vitejs/plugin-react': [ '4.7.0' ],
210 silly audit   '@xmldom/xmldom': [ '0.9.10' ],
210 silly audit   acorn: [ '8.16.0' ],
210 silly audit   'acorn-jsx': [ '5.3.2' ],
210 silly audit   ajv: [ '6.15.0' ],
210 silly audit   'ansi-regex': [ '5.0.1' ],
210 silly audit   'ansi-styles': [ '4.3.0' ],
210 silly audit   argparse: [ '2.0.1' ],
210 silly audit   'astral-regex': [ '2.0.0' ],
210 silly audit   'at-least-node': [ '1.0.0' ],
210 silly audit   'base64-js': [ '1.5.1' ],
210 silly audit   'baseline-browser-mapping': [ '2.10.32' ],
210 silly audit   'big-integer': [ '1.6.52' ],
210 silly audit   'bplist-parser': [ '0.3.2' ],
210 silly audit   browserslist: [ '4.28.2' ],
210 silly audit   'buffer-crc32': [ '0.2.13' ],
210 silly audit   callsites: [ '3.1.0' ],
210 silly audit   'caniuse-lite': [ '1.0.30001793' ],
210 silly audit   chalk: [ '4.1.2' ],
210 silly audit   clsx: [ '2.1.1' ],
210 silly audit   'color-convert': [ '2.0.1' ],
210 silly audit   'color-name': [ '1.1.4' ],
210 silly audit   'concat-map': [ '0.0.1' ],
210 silly audit   'convert-source-map': [ '2.0.0' ],
210 silly audit   cookie: [ '1.1.1' ],
210 silly audit   'cross-spawn': [ '7.0.6' ],
210 silly audit   csstype: [ '3.2.3' ],
210 silly audit   'd3-array': [ '3.2.4' ],
210 silly audit   'd3-color': [ '3.1.0' ],
210 silly audit   'd3-ease': [ '3.0.1' ],
210 silly audit   'd3-format': [ '3.1.2' ],
210 silly audit   'd3-interpolate': [ '3.0.1' ],
210 silly audit   'd3-path': [ '3.1.0' ],
210 silly audit   'd3-scale': [ '4.0.2' ],
210 silly audit   'd3-shape': [ '3.2.0' ],
210 silly audit   'd3-time': [ '3.1.0' ],
210 silly audit   'd3-time-format': [ '4.1.0' ],
210 silly audit   'd3-timer': [ '3.0.1' ],
210 silly audit   debug: [ '4.4.3' ],
210 silly audit   'decimal.js-light': [ '2.5.1' ],
210 silly audit   'deep-is': [ '0.1.4' ],
210 silly audit   'define-lazy-prop': [ '2.0.0' ],
210 silly audit   'detect-libc': [ '2.1.2' ],
210 silly audit   'electron-to-chromium': [ '1.5.364' ],
210 silly audit   elementtree: [ '0.1.7' ],
210 silly audit   'emoji-regex': [ '8.0.0' ],
210 silly audit   'enhanced-resolve': [ '5.22.1' ],
210 silly audit   'env-paths': [ '2.2.1' ],
210 silly audit   'es-toolkit': [ '1.47.0' ],
210 silly audit   esbuild: [ '0.21.5' ],
210 silly audit   escalade: [ '3.2.0' ],
210 silly audit   'escape-string-regexp': [ '4.0.0' ],
210 silly audit   eslint: [ '9.39.4' ],
210 silly audit   'eslint-plugin-react-hooks': [ '5.2.0' ],
210 silly audit   'eslint-plugin-react-refresh': [ '0.4.26' ],
210 silly audit   'eslint-scope': [ '8.4.0' ],
210 silly audit   espree: [ '10.4.0' ],
210 silly audit   esquery: [ '1.7.0' ],
210 silly audit   esrecurse: [ '4.3.0' ],
210 silly audit   estraverse: [ '5.3.0' ],
210 silly audit   esutils: [ '2.0.3' ],
210 silly audit   eventemitter3: [ '5.0.4' ],
210 silly audit   'fast-deep-equal': [ '3.1.3' ],
210 silly audit   'fast-json-stable-stringify': [ '2.1.0' ],
210 silly audit   'fast-levenshtein': [ '2.0.6' ],
210 silly audit   'fd-slicer': [ '1.1.0' ],
210 silly audit   fdir: [ '6.5.0' ],
210 silly audit   'file-entry-cache': [ '8.0.0' ],
210 silly audit   'find-up': [ '5.0.0' ],
210 silly audit   'flat-cache': [ '4.0.1' ],
210 silly audit   flatted: [ '3.4.2' ],
210 silly audit   fsevents: [ '2.3.3' ],
210 silly audit   gensync: [ '1.0.0-beta.2' ],
210 silly audit   'glob-parent': [ '6.0.2' ],
210 silly audit   'graceful-fs': [ '4.2.11' ],
210 silly audit   'has-flag': [ '4.0.0' ],
210 silly audit   'import-fresh': [ '3.3.1' ],
210 silly audit   imurmurhash: [ '0.1.4' ],
210 silly audit   inherits: [ '2.0.4' ],
210 silly audit   ini: [ '4.1.3' ],
210 silly audit   internmap: [ '2.0.3' ],
210 silly audit   'is-docker': [ '2.2.1' ],
210 silly audit   'is-extglob': [ '2.1.1' ],
210 silly audit   'is-fullwidth-code-point': [ '3.0.0' ],
210 silly audit   'is-glob': [ '4.0.3' ],
210 silly audit   'is-wsl': [ '2.2.0' ],
210 silly audit   isexe: [ '2.0.0' ],
210 silly audit   jiti: [ '2.7.0' ],
210 silly audit   'js-tokens': [ '4.0.0' ],
210 silly audit   'js-yaml': [ '4.1.1' ],
210 silly audit   jsesc: [ '3.1.0' ],
210 silly audit   'json-buffer': [ '3.0.1' ],
210 silly audit   'json-schema-traverse': [ '0.4.1' ],
210 silly audit   'json-stable-stringify-without-jsonify': [ '1.0.1' ],
210 silly audit   json5: [ '2.2.3' ],
210 silly audit   jsonfile: [ '6.2.1' ],
210 silly audit   keyv: [ '4.5.4' ],
210 silly audit   kleur: [ '4.1.5', '3.0.3' ],
210 silly audit   levn: [ '0.4.1' ],
210 silly audit   lightningcss: [ '1.32.0' ],
210 silly audit   'lightningcss-android-arm64': [ '1.32.0' ],
210 silly audit   'lightningcss-darwin-arm64': [ '1.32.0' ],
210 silly audit   'lightningcss-darwin-x64': [ '1.32.0' ],
210 silly audit   'lightningcss-freebsd-x64': [ '1.32.0' ],
210 silly audit   'lightningcss-linux-arm-gnueabihf': [ '1.32.0' ],
210 silly audit   'lightningcss-linux-arm64-gnu': [ '1.32.0' ],
210 silly audit   'lightningcss-linux-arm64-musl': [ '1.32.0' ],
210 silly audit   'lightningcss-linux-x64-gnu': [ '1.32.0' ],
210 silly audit   'lightningcss-linux-x64-musl': [ '1.32.0' ],
210 silly audit   'lightningcss-win32-arm64-msvc': [ '1.32.0' ],
210 silly audit   'lightningcss-win32-x64-msvc': [ '1.32.0' ],
210 silly audit   'locate-path': [ '6.0.0' ],
210 silly audit   'lodash.merge': [ '4.6.2' ],
210 silly audit   'loose-envify': [ '1.4.0' ],
210 silly audit   'lru-cache': [ '5.1.1', '10.4.3' ],
210 silly audit   'lucide-react': [ '1.17.0' ],
210 silly audit   'magic-string': [ '0.30.21' ],
210 silly audit   ms: [ '2.1.3' ],
210 silly audit   nanoid: [ '3.3.12' ],
210 silly audit   'native-run': [ '2.0.3' ],
210 silly audit   'natural-compare': [ '1.4.0' ],
210 silly audit   'node-releases': [ '2.0.46' ],
210 silly audit   open: [ '8.4.2' ],
210 silly audit   optionator: [ '0.9.4' ],
210 silly audit   'p-limit': [ '3.1.0' ],
210 silly audit   'p-locate': [ '5.0.0' ],
210 silly audit   'parent-module': [ '1.0.1' ],
210 silly audit   'path-exists': [ '4.0.0' ],
210 silly audit   'path-key': [ '3.1.1' ],
210 silly audit   pend: [ '1.2.0' ],
210 silly audit   picocolors: [ '1.1.1' ],
210 silly audit   picomatch: [ '4.0.4' ],
210 silly audit   plist: [ '3.1.1' ],
210 silly audit   postcss: [ '8.5.15' ],
210 silly audit   'prelude-ls': [ '1.2.1' ],
210 silly audit   prompts: [ '2.4.2' ],
210 silly audit   punycode: [ '2.3.1' ],
210 silly audit   react: [ '18.3.1' ],
210 silly audit   'react-dom': [ '18.3.1' ],
210 silly audit   'react-is': [ '19.2.6' ],
210 silly audit   'react-redux': [ '9.3.0' ],
210 silly audit   'react-refresh': [ '0.17.0' ],
210 silly audit   'react-router': [ '7.16.0' ],
210 silly audit   'react-router-dom': [ '7.16.0' ],
210 silly audit   'readable-stream': [ '3.6.2' ],
210 silly audit   recharts: [ '3.8.1' ],
210 silly audit   redux: [ '5.0.1' ],
210 silly audit   'redux-thunk': [ '3.1.0' ],
210 silly audit   reselect: [ '5.1.1' ],
210 silly audit   'resolve-from': [ '4.0.0' ],
210 silly audit   rollup: [ '4.60.4' ],
210 silly audit   'safe-buffer': [ '5.2.1' ],
210 silly audit   sax: [ '1.1.4' ],
210 silly audit   scheduler: [ '0.23.2' ],
210 silly audit   'set-cookie-parser': [ '2.7.2' ],
210 silly audit   'shebang-command': [ '2.0.0' ],
210 silly audit   'shebang-regex': [ '3.0.0' ],
210 silly audit   'signal-exit': [ '3.0.7' ],
210 silly audit   sisteransi: [ '1.0.5' ],
210 silly audit   'slice-ansi': [ '4.0.0' ],
210 silly audit   'source-map-js': [ '1.2.1' ],
210 silly audit   split2: [ '4.2.0' ],
210 silly audit   string_decoder: [ '1.3.0' ],
210 silly audit   'string-width': [ '4.2.3' ],
210 silly audit   'strip-ansi': [ '6.0.1' ],
210 silly audit   'strip-json-comments': [ '3.1.1' ],
210 silly audit   'supports-color': [ '7.2.0' ],
210 silly audit   tailwindcss: [ '4.3.0' ],
210 silly audit   tapable: [ '2.3.3' ],
210 silly audit   yallist: [ '3.1.1', '4.0.0' ],
210 silly audit   through2: [ '4.0.2' ],
210 silly audit   'tiny-invariant': [ '1.3.3' ],
210 silly audit   tinyglobby: [ '0.2.16' ],
210 silly audit   'ts-api-utils': [ '2.5.0' ],
210 silly audit   tslib: [ '2.8.1' ],
210 silly audit   'type-check': [ '0.4.0' ],
210 silly audit   typescript: [ '5.6.3' ],
210 silly audit   'typescript-eslint': [ '8.60.0' ],
210 silly audit   'undici-types': [ '7.24.6' ],
210 silly audit   universalify: [ '2.0.1' ],
210 silly audit   untildify: [ '4.0.0' ],
210 silly audit   'update-browserslist-db': [ '1.2.3' ],
210 silly audit   'uri-js': [ '4.4.1' ],
210 silly audit   'use-sync-external-store': [ '1.6.0' ],
210 silly audit   'util-deprecate': [ '1.0.2' ],
210 silly audit   'victory-vendor': [ '37.3.6' ],
210 silly audit   vite: [ '5.4.21' ],
210 silly audit   which: [ '2.0.2' ],
210 silly audit   'word-wrap': [ '1.2.5' ],
210 silly audit   'wrap-ansi': [ '7.0.0' ],
210 silly audit   xmlbuilder: [ '15.1.1', '11.0.1' ],
210 silly audit   yauzl: [ '2.10.0' ],
210 silly audit   'yocto-queue': [ '0.1.0' ],
210 silly audit   '@capacitor/android': [ '6.2.1' ],
210 silly audit   '@capacitor/cli': [ '6.2.1' ],
210 silly audit   '@capacitor/ios': [ '6.2.1' ],
210 silly audit   '@ionic/utils-subprocess': [ '2.1.11' ],
210 silly audit   commander: [ '9.5.0' ],
210 silly audit   rimraf: [ '4.4.1' ],
210 silly audit   tar: [ '6.2.1' ],
210 silly audit   xml2js: [ '0.5.0' ],
210 silly audit   '@ionic/utils-array': [ '2.1.5' ],
210 silly audit   '@ionic/utils-process': [ '2.1.10' ],
210 silly audit   '@ionic/utils-stream': [ '3.1.5' ],
210 silly audit   '@ionic/utils-object': [ '2.1.5' ],
210 silly audit   'tree-kill': [ '1.2.2' ],
210 silly audit   glob: [ '9.3.5' ],
210 silly audit   'fs.realpath': [ '1.0.0' ],
210 silly audit   minipass: [ '4.2.8', '7.1.3', '5.0.0', '3.3.6' ],
210 silly audit   'path-scurry': [ '1.11.1' ],
210 silly audit   chownr: [ '2.0.0' ],
210 silly audit   'fs-minipass': [ '2.1.0' ],
210 silly audit   minizlib: [ '2.1.2' ],
210 silly audit   mkdirp: [ '1.0.4' ],
210 silly audit   '@tailwindcss/oxide-wasm32-wasi': [ '4.3.0' ]
210 silly audit }
211 verbose reify failed optional dependency /Users/gaurav.gupta/Documents/antigravity/dazzling-curie/client/node_modules/lightningcss-win32-x64-msvc
212 silly reify mark deleted [
212 silly reify   '/Users/gaurav.gupta/Documents/antigravity/dazzling-curie/client/node_modules/lightningcss-win32-x64-msvc'
212 silly reify ]
213 verbose reify failed optional dependency /Users/gaurav.gupta/Documents/antigravity/dazzling-curie/client/node_modules/lightningcss-win32-arm64-msvc
214 silly reify mark deleted [
214 silly reify   '/Users/gaurav.gupta/Documents/antigravity/dazzling-curie/client/node_modules/lightningcss-win32-arm64-msvc'
214 silly reify ]
215 verbose reify failed optional dependency /Users/gaurav.gupta/Documents/antigravity/dazzling-curie/client/node_modules/lightningcss-linux-x64-musl
216 silly reify mark deleted [
216 silly reify   '/Users/gaurav.gupta/Documents/antigravity/dazzling-curie/client/node_modules/lightningcss-linux-x64-musl'
216 silly reify ]
217 verbose reify failed optional dependency /Users/gaurav.gupta/Documents/antigravity/dazzling-curie/client/node_modules/lightningcss-linux-x64-gnu
218 silly reify mark deleted [
218 silly reify   '/Users/gaurav.gupta/Documents/antigravity/dazzling-curie/client/node_modules/lightningcss-linux-x64-gnu'
218 silly reify ]
219 verbose reify failed optional dependency /Users/gaurav.gupta/Documents/antigravity/dazzling-curie/client/node_modules/lightningcss-linux-arm64-musl
220 silly reify mark deleted [
220 silly reify   '/Users/gaurav.gupta/Documents/antigravity/dazzling-curie/client/node_modules/lightningcss-linux-arm64-musl'
220 silly reify ]
221 verbose reify failed optional dependency /Users/gaurav.gupta/Documents/antigravity/dazzling-curie/client/node_modules/lightningcss-linux-arm64-gnu
222 silly reify mark deleted [
222 silly reify   '/Users/gaurav.gupta/Documents/antigravity/dazzling-curie/client/node_modules/lightningcss-linux-arm64-gnu'
222 silly reify ]
223 verbose reify failed optional dependency /Users/gaurav.gupta/Documents/antigravity/dazzling-curie/client/node_modules/lightningcss-linux-arm-gnueabihf
224 silly reify mark deleted [
224 silly reify   '/Users/gaurav.gupta/Documents/antigravity/dazzling-curie/client/node_modules/lightningcss-linux-arm-gnueabihf'
224 silly reify ]
225 verbose reify failed optional dependency /Users/gaurav.gupta/Documents/antigravity/dazzling-curie/client/node_modules/lightningcss-freebsd-x64
226 silly reify mark deleted [
226 silly reify   '/Users/gaurav.gupta/Documents/antigravity/dazzling-curie/client/node_modules/lightningcss-freebsd-x64'
226 silly reify ]
227 verbose reify failed optional dependency /Users/gaurav.gupta/Documents/antigravity/dazzling-curie/client/node_modules/lightningcss-darwin-arm64
228 silly reify mark deleted [
228 silly reify   '/Users/gaurav.gupta/Documents/antigravity/dazzling-curie/client/node_modules/lightningcss-darwin-arm64'
228 silly reify ]
229 verbose reify failed optional dependency /Users/gaurav.gupta/Documents/antigravity/dazzling-curie/client/node_modules/lightningcss-android-arm64
230 silly reify mark deleted [
230 silly reify   '/Users/gaurav.gupta/Documents/antigravity/dazzling-curie/client/node_modules/lightningcss-android-arm64'
230 silly reify ]
231 verbose reify failed optional dependency /Users/gaurav.gupta/Documents/antigravity/dazzling-curie/client/node_modules/@tailwindcss/oxide-win32-x64-msvc
232 silly reify mark deleted [
232 silly reify   '/Users/gaurav.gupta/Documents/antigravity/dazzling-curie/client/node_modules/@tailwindcss/oxide-win32-x64-msvc'
232 silly reify ]
233 verbose reify failed optional dependency /Users/gaurav.gupta/Documents/antigravity/dazzling-curie/client/node_modules/@tailwindcss/oxide-win32-arm64-msvc
234 silly reify mark deleted [
234 silly reify   '/Users/gaurav.gupta/Documents/antigravity/dazzling-curie/client/node_modules/@tailwindcss/oxide-win32-arm64-msvc'
234 silly reify ]
235 verbose reify failed optional dependency /Users/gaurav.gupta/Documents/antigravity/dazzling-curie/client/node_modules/@tailwindcss/oxide-linux-x64-musl
236 silly reify mark deleted [
236 silly reify   '/Users/gaurav.gupta/Documents/antigravity/dazzling-curie/client/node_modules/@tailwindcss/oxide-linux-x64-musl'
236 silly reify ]
237 verbose reify failed optional dependency /Users/gaurav.gupta/Documents/antigravity/dazzling-curie/client/node_modules/@tailwindcss/oxide-linux-x64-gnu
238 silly reify mark deleted [
238 silly reify   '/Users/gaurav.gupta/Documents/antigravity/dazzling-curie/client/node_modules/@tailwindcss/oxide-linux-x64-gnu'
238 silly reify ]
239 verbose reify failed optional dependency /Users/gaurav.gupta/Documents/antigravity/dazzling-curie/client/node_modules/@tailwindcss/oxide-linux-arm64-musl
240 silly reify mark deleted [
240 silly reify   '/Users/gaurav.gupta/Documents/antigravity/dazzling-curie/client/node_modules/@tailwindcss/oxide-linux-arm64-musl'
240 silly reify ]
241 verbose reify failed optional dependency /Users/gaurav.gupta/Documents/antigravity/dazzling-curie/client/node_modules/@tailwindcss/oxide-linux-arm64-gnu
242 silly reify mark deleted [
242 silly reify   '/Users/gaurav.gupta/Documents/antigravity/dazzling-curie/client/node_modules/@tailwindcss/oxide-linux-arm64-gnu'
242 silly reify ]
243 verbose reify failed optional dependency /Users/gaurav.gupta/Documents/antigravity/dazzling-curie/client/node_modules/@tailwindcss/oxide-linux-arm-gnueabihf
244 silly reify mark deleted [
244 silly reify   '/Users/gaurav.gupta/Documents/antigravity/dazzling-curie/client/node_modules/@tailwindcss/oxide-linux-arm-gnueabihf'
244 silly reify ]
245 verbose reify failed optional dependency /Users/gaurav.gupta/Documents/antigravity/dazzling-curie/client/node_modules/@tailwindcss/oxide-freebsd-x64
246 silly reify mark deleted [
246 silly reify   '/Users/gaurav.gupta/Documents/antigravity/dazzling-curie/client/node_modules/@tailwindcss/oxide-freebsd-x64'
246 silly reify ]
247 verbose reify failed optional dependency /Users/gaurav.gupta/Documents/antigravity/dazzling-curie/client/node_modules/@tailwindcss/oxide-darwin-arm64
248 silly reify mark deleted [
248 silly reify   '/Users/gaurav.gupta/Documents/antigravity/dazzling-curie/client/node_modules/@tailwindcss/oxide-darwin-arm64'
248 silly reify ]
249 verbose reify failed optional dependency /Users/gaurav.gupta/Documents/antigravity/dazzling-curie/client/node_modules/@tailwindcss/oxide-android-arm64
250 silly reify mark deleted [
250 silly reify   '/Users/gaurav.gupta/Documents/antigravity/dazzling-curie/client/node_modules/@tailwindcss/oxide-android-arm64'
250 silly reify ]
251 verbose reify failed optional dependency /Users/gaurav.gupta/Documents/antigravity/dazzling-curie/client/node_modules/@rollup/rollup-win32-x64-msvc
252 silly reify mark deleted [
252 silly reify   '/Users/gaurav.gupta/Documents/antigravity/dazzling-curie/client/node_modules/@rollup/rollup-win32-x64-msvc'
252 silly reify ]
253 verbose reify failed optional dependency /Users/gaurav.gupta/Documents/antigravity/dazzling-curie/client/node_modules/@rollup/rollup-win32-x64-gnu
254 silly reify mark deleted [
254 silly reify   '/Users/gaurav.gupta/Documents/antigravity/dazzling-curie/client/node_modules/@rollup/rollup-win32-x64-gnu'
254 silly reify ]
255 verbose reify failed optional dependency /Users/gaurav.gupta/Documents/antigravity/dazzling-curie/client/node_modules/@rollup/rollup-win32-ia32-msvc
256 silly reify mark deleted [
256 silly reify   '/Users/gaurav.gupta/Documents/antigravity/dazzling-curie/client/node_modules/@rollup/rollup-win32-ia32-msvc'
256 silly reify ]
257 verbose reify failed optional dependency /Users/gaurav.gupta/Documents/antigravity/dazzling-curie/client/node_modules/@rollup/rollup-win32-arm64-msvc
258 silly reify mark deleted [
258 silly reify   '/Users/gaurav.gupta/Documents/antigravity/dazzling-curie/client/node_modules/@rollup/rollup-win32-arm64-msvc'
258 silly reify ]
259 verbose reify failed optional dependency /Users/gaurav.gupta/Documents/antigravity/dazzling-curie/client/node_modules/@rollup/rollup-openharmony-arm64
260 silly reify mark deleted [
260 silly reify   '/Users/gaurav.gupta/Documents/antigravity/dazzling-curie/client/node_modules/@rollup/rollup-openharmony-arm64'
260 silly reify ]
261 verbose reify failed optional dependency /Users/gaurav.gupta/Documents/antigravity/dazzling-curie/client/node_modules/@rollup/rollup-openbsd-x64
262 silly reify mark deleted [
262 silly reify   '/Users/gaurav.gupta/Documents/antigravity/dazzling-curie/client/node_modules/@rollup/rollup-openbsd-x64'
262 silly reify ]
263 verbose reify failed optional dependency /Users/gaurav.gupta/Documents/antigravity/dazzling-curie/client/node_modules/@rollup/rollup-linux-x64-musl
264 silly reify mark deleted [
264 silly reify   '/Users/gaurav.gupta/Documents/antigravity/dazzling-curie/client/node_modules/@rollup/rollup-linux-x64-musl'
264 silly reify ]
265 verbose reify failed optional dependency /Users/gaurav.gupta/Documents/antigravity/dazzling-curie/client/node_modules/@rollup/rollup-linux-x64-gnu
266 silly reify mark deleted [
266 silly reify   '/Users/gaurav.gupta/Documents/antigravity/dazzling-curie/client/node_modules/@rollup/rollup-linux-x64-gnu'
266 silly reify ]
267 verbose reify failed optional dependency /Users/gaurav.gupta/Documents/antigravity/dazzling-curie/client/node_modules/@rollup/rollup-linux-s390x-gnu
268 silly reify mark deleted [
268 silly reify   '/Users/gaurav.gupta/Documents/antigravity/dazzling-curie/client/node_modules/@rollup/rollup-linux-s390x-gnu'
268 silly reify ]
269 verbose reify failed optional dependency /Users/gaurav.gupta/Documents/antigravity/dazzling-curie/client/node_modules/@rollup/rollup-linux-riscv64-musl
270 silly reify mark deleted [
270 silly reify   '/Users/gaurav.gupta/Documents/antigravity/dazzling-curie/client/node_modules/@rollup/rollup-linux-riscv64-musl'
270 silly reify ]
271 verbose reify failed optional dependency /Users/gaurav.gupta/Documents/antigravity/dazzling-curie/client/node_modules/@rollup/rollup-linux-riscv64-gnu
272 silly reify mark deleted [
272 silly reify   '/Users/gaurav.gupta/Documents/antigravity/dazzling-curie/client/node_modules/@rollup/rollup-linux-riscv64-gnu'
272 silly reify ]
273 verbose reify failed optional dependency /Users/gaurav.gupta/Documents/antigravity/dazzling-curie/client/node_modules/@rollup/rollup-linux-ppc64-musl
274 silly reify mark deleted [
274 silly reify   '/Users/gaurav.gupta/Documents/antigravity/dazzling-curie/client/node_modules/@rollup/rollup-linux-ppc64-musl'
274 silly reify ]
275 verbose reify failed optional dependency /Users/gaurav.gupta/Documents/antigravity/dazzling-curie/client/node_modules/@rollup/rollup-linux-ppc64-gnu
276 silly reify mark deleted [
276 silly reify   '/Users/gaurav.gupta/Documents/antigravity/dazzling-curie/client/node_modules/@rollup/rollup-linux-ppc64-gnu'
276 silly reify ]
277 verbose reify failed optional dependency /Users/gaurav.gupta/Documents/antigravity/dazzling-curie/client/node_modules/@rollup/rollup-linux-loong64-musl
278 silly reify mark deleted [
278 silly reify   '/Users/gaurav.gupta/Documents/antigravity/dazzling-curie/client/node_modules/@rollup/rollup-linux-loong64-musl'
278 silly reify ]
279 verbose reify failed optional dependency /Users/gaurav.gupta/Documents/antigravity/dazzling-curie/client/node_modules/@rollup/rollup-linux-loong64-gnu
280 silly reify mark deleted [
280 silly reify   '/Users/gaurav.gupta/Documents/antigravity/dazzling-curie/client/node_modules/@rollup/rollup-linux-loong64-gnu'
280 silly reify ]
281 verbose reify failed optional dependency /Users/gaurav.gupta/Documents/antigravity/dazzling-curie/client/node_modules/@rollup/rollup-linux-arm64-musl
282 silly reify mark deleted [
282 silly reify   '/Users/gaurav.gupta/Documents/antigravity/dazzling-curie/client/node_modules/@rollup/rollup-linux-arm64-musl'
282 silly reify ]
283 verbose reify failed optional dependency /Users/gaurav.gupta/Documents/antigravity/dazzling-curie/client/node_modules/@rollup/rollup-linux-arm64-gnu
284 silly reify mark deleted [
284 silly reify   '/Users/gaurav.gupta/Documents/antigravity/dazzling-curie/client/node_modules/@rollup/rollup-linux-arm64-gnu'
284 silly reify ]
285 verbose reify failed optional dependency /Users/gaurav.gupta/Documents/antigravity/dazzling-curie/client/node_modules/@rollup/rollup-linux-arm-musleabihf
286 silly reify mark deleted [
286 silly reify   '/Users/gaurav.gupta/Documents/antigravity/dazzling-curie/client/node_modules/@rollup/rollup-linux-arm-musleabihf'
286 silly reify ]
287 verbose reify failed optional dependency /Users/gaurav.gupta/Documents/antigravity/dazzling-curie/client/node_modules/@rollup/rollup-linux-arm-gnueabihf
288 silly reify mark deleted [
288 silly reify   '/Users/gaurav.gupta/Documents/antigravity/dazzling-curie/client/node_modules/@rollup/rollup-linux-arm-gnueabihf'
288 silly reify ]
289 verbose reify failed optional dependency /Users/gaurav.gupta/Documents/antigravity/dazzling-curie/client/node_modules/@rollup/rollup-freebsd-x64
290 silly reify mark deleted [
290 silly reify   '/Users/gaurav.gupta/Documents/antigravity/dazzling-curie/client/node_modules/@rollup/rollup-freebsd-x64'
290 silly reify ]
291 verbose reify failed optional dependency /Users/gaurav.gupta/Documents/antigravity/dazzling-curie/client/node_modules/@rollup/rollup-freebsd-arm64
292 silly reify mark deleted [
292 silly reify   '/Users/gaurav.gupta/Documents/antigravity/dazzling-curie/client/node_modules/@rollup/rollup-freebsd-arm64'
292 silly reify ]
293 verbose reify failed optional dependency /Users/gaurav.gupta/Documents/antigravity/dazzling-curie/client/node_modules/@rollup/rollup-darwin-arm64
294 silly reify mark deleted [
294 silly reify   '/Users/gaurav.gupta/Documents/antigravity/dazzling-curie/client/node_modules/@rollup/rollup-darwin-arm64'
294 silly reify ]
295 verbose reify failed optional dependency /Users/gaurav.gupta/Documents/antigravity/dazzling-curie/client/node_modules/@rollup/rollup-android-arm64
296 silly reify mark deleted [
296 silly reify   '/Users/gaurav.gupta/Documents/antigravity/dazzling-curie/client/node_modules/@rollup/rollup-android-arm64'
296 silly reify ]
297 verbose reify failed optional dependency /Users/gaurav.gupta/Documents/antigravity/dazzling-curie/client/node_modules/@rollup/rollup-android-arm-eabi
298 silly reify mark deleted [
298 silly reify   '/Users/gaurav.gupta/Documents/antigravity/dazzling-curie/client/node_modules/@rollup/rollup-android-arm-eabi'
298 silly reify ]
299 verbose reify failed optional dependency /Users/gaurav.gupta/Documents/antigravity/dazzling-curie/client/node_modules/@esbuild/win32-x64
300 silly reify mark deleted [
300 silly reify   '/Users/gaurav.gupta/Documents/antigravity/dazzling-curie/client/node_modules/@esbuild/win32-x64'
300 silly reify ]
301 verbose reify failed optional dependency /Users/gaurav.gupta/Documents/antigravity/dazzling-curie/client/node_modules/@esbuild/win32-ia32
302 silly reify mark deleted [
302 silly reify   '/Users/gaurav.gupta/Documents/antigravity/dazzling-curie/client/node_modules/@esbuild/win32-ia32'
302 silly reify ]
303 verbose reify failed optional dependency /Users/gaurav.gupta/Documents/antigravity/dazzling-curie/client/node_modules/@esbuild/win32-arm64
304 silly reify mark deleted [
304 silly reify   '/Users/gaurav.gupta/Documents/antigravity/dazzling-curie/client/node_modules/@esbuild/win32-arm64'
304 silly reify ]
305 verbose reify failed optional dependency /Users/gaurav.gupta/Documents/antigravity/dazzling-curie/client/node_modules/@esbuild/sunos-x64
306 silly reify mark deleted [
306 silly reify   '/Users/gaurav.gupta/Documents/antigravity/dazzling-curie/client/node_modules/@esbuild/sunos-x64'
306 silly reify ]
307 verbose reify failed optional dependency /Users/gaurav.gupta/Documents/antigravity/dazzling-curie/client/node_modules/@esbuild/openbsd-x64
308 silly reify mark deleted [
308 silly reify   '/Users/gaurav.gupta/Documents/antigravity/dazzling-curie/client/node_modules/@esbuild/openbsd-x64'
308 silly reify ]
309 verbose reify failed optional dependency /Users/gaurav.gupta/Documents/antigravity/dazzling-curie/client/node_modules/@esbuild/netbsd-x64
310 silly reify mark deleted [
310 silly reify   '/Users/gaurav.gupta/Documents/antigravity/dazzling-curie/client/node_modules/@esbuild/netbsd-x64'
310 silly reify ]
311 verbose reify failed optional dependency /Users/gaurav.gupta/Documents/antigravity/dazzling-curie/client/node_modules/@esbuild/linux-x64
312 silly reify mark deleted [
312 silly reify   '/Users/gaurav.gupta/Documents/antigravity/dazzling-curie/client/node_modules/@esbuild/linux-x64'
312 silly reify ]
313 verbose reify failed optional dependency /Users/gaurav.gupta/Documents/antigravity/dazzling-curie/client/node_modules/@esbuild/linux-s390x
314 silly reify mark deleted [
314 silly reify   '/Users/gaurav.gupta/Documents/antigravity/dazzling-curie/client/node_modules/@esbuild/linux-s390x'
314 silly reify ]
315 verbose reify failed optional dependency /Users/gaurav.gupta/Documents/antigravity/dazzling-curie/client/node_modules/@esbuild/linux-riscv64
316 silly reify mark deleted [
316 silly reify   '/Users/gaurav.gupta/Documents/antigravity/dazzling-curie/client/node_modules/@esbuild/linux-riscv64'
316 silly reify ]
317 verbose reify failed optional dependency /Users/gaurav.gupta/Documents/antigravity/dazzling-curie/client/node_modules/@esbuild/linux-ppc64
318 silly reify mark deleted [
318 silly reify   '/Users/gaurav.gupta/Documents/antigravity/dazzling-curie/client/node_modules/@esbuild/linux-ppc64'
318 silly reify ]
319 verbose reify failed optional dependency /Users/gaurav.gupta/Documents/antigravity/dazzling-curie/client/node_modules/@esbuild/linux-mips64el
320 silly reify mark deleted [
320 silly reify   '/Users/gaurav.gupta/Documents/antigravity/dazzling-curie/client/node_modules/@esbuild/linux-mips64el'
320 silly reify ]
321 verbose reify failed optional dependency /Users/gaurav.gupta/Documents/antigravity/dazzling-curie/client/node_modules/@esbuild/linux-loong64
322 silly reify mark deleted [
322 silly reify   '/Users/gaurav.gupta/Documents/antigravity/dazzling-curie/client/node_modules/@esbuild/linux-loong64'
322 silly reify ]
323 verbose reify failed optional dependency /Users/gaurav.gupta/Documents/antigravity/dazzling-curie/client/node_modules/@esbuild/linux-ia32
324 silly reify mark deleted [
324 silly reify   '/Users/gaurav.gupta/Documents/antigravity/dazzling-curie/client/node_modules/@esbuild/linux-ia32'
324 silly reify ]
325 verbose reify failed optional dependency /Users/gaurav.gupta/Documents/antigravity/dazzling-curie/client/node_modules/@esbuild/linux-arm64
326 silly reify mark deleted [
326 silly reify   '/Users/gaurav.gupta/Documents/antigravity/dazzling-curie/client/node_modules/@esbuild/linux-arm64'
326 silly reify ]
327 verbose reify failed optional dependency /Users/gaurav.gupta/Documents/antigravity/dazzling-curie/client/node_modules/@esbuild/linux-arm
328 silly reify mark deleted [
328 silly reify   '/Users/gaurav.gupta/Documents/antigravity/dazzling-curie/client/node_modules/@esbuild/linux-arm'
328 silly reify ]
329 verbose reify failed optional dependency /Users/gaurav.gupta/Documents/antigravity/dazzling-curie/client/node_modules/@esbuild/freebsd-x64
330 silly reify mark deleted [
330 silly reify   '/Users/gaurav.gupta/Documents/antigravity/dazzling-curie/client/node_modules/@esbuild/freebsd-x64'
330 silly reify ]
331 verbose reify failed optional dependency /Users/gaurav.gupta/Documents/antigravity/dazzling-curie/client/node_modules/@esbuild/freebsd-arm64
332 silly reify mark deleted [
332 silly reify   '/Users/gaurav.gupta/Documents/antigravity/dazzling-curie/client/node_modules/@esbuild/freebsd-arm64'
332 silly reify ]
333 verbose reify failed optional dependency /Users/gaurav.gupta/Documents/antigravity/dazzling-curie/client/node_modules/@esbuild/darwin-arm64
334 silly reify mark deleted [
334 silly reify   '/Users/gaurav.gupta/Documents/antigravity/dazzling-curie/client/node_modules/@esbuild/darwin-arm64'
334 silly reify ]
335 verbose reify failed optional dependency /Users/gaurav.gupta/Documents/antigravity/dazzling-curie/client/node_modules/@esbuild/android-x64
336 silly reify mark deleted [
336 silly reify   '/Users/gaurav.gupta/Documents/antigravity/dazzling-curie/client/node_modules/@esbuild/android-x64'
336 silly reify ]
337 verbose reify failed optional dependency /Users/gaurav.gupta/Documents/antigravity/dazzling-curie/client/node_modules/@esbuild/android-arm64
338 silly reify mark deleted [
338 silly reify   '/Users/gaurav.gupta/Documents/antigravity/dazzling-curie/client/node_modules/@esbuild/android-arm64'
338 silly reify ]
339 verbose reify failed optional dependency /Users/gaurav.gupta/Documents/antigravity/dazzling-curie/client/node_modules/@esbuild/android-arm
340 silly reify mark deleted [
340 silly reify   '/Users/gaurav.gupta/Documents/antigravity/dazzling-curie/client/node_modules/@esbuild/android-arm'
340 silly reify ]
341 verbose reify failed optional dependency /Users/gaurav.gupta/Documents/antigravity/dazzling-curie/client/node_modules/@esbuild/aix-ppc64
342 silly reify mark deleted [
342 silly reify   '/Users/gaurav.gupta/Documents/antigravity/dazzling-curie/client/node_modules/@esbuild/aix-ppc64'
342 silly reify ]
343 timing reifyNode:node_modules/lightningcss-win32-x64-msvc Completed in 48ms
344 timing reifyNode:node_modules/lightningcss-win32-arm64-msvc Completed in 48ms
345 timing reifyNode:node_modules/lightningcss-linux-x64-musl Completed in 48ms
346 timing reifyNode:node_modules/lightningcss-linux-x64-gnu Completed in 48ms
347 timing reifyNode:node_modules/lightningcss-linux-arm64-musl Completed in 48ms
348 timing reifyNode:node_modules/lightningcss-linux-arm64-gnu Completed in 48ms
349 timing reifyNode:node_modules/lightningcss-linux-arm-gnueabihf Completed in 49ms
350 timing reifyNode:node_modules/lightningcss-freebsd-x64 Completed in 48ms
351 timing reifyNode:node_modules/lightningcss-darwin-arm64 Completed in 48ms
352 timing reifyNode:node_modules/lightningcss-android-arm64 Completed in 48ms
353 timing reifyNode:node_modules/@tailwindcss/oxide-win32-x64-msvc Completed in 48ms
354 timing reifyNode:node_modules/@tailwindcss/oxide-win32-arm64-msvc Completed in 48ms
355 timing reifyNode:node_modules/@tailwindcss/oxide-linux-x64-musl Completed in 48ms
356 timing reifyNode:node_modules/@tailwindcss/oxide-linux-x64-gnu Completed in 48ms
357 timing reifyNode:node_modules/@tailwindcss/oxide-linux-arm64-musl Completed in 48ms
358 timing reifyNode:node_modules/@tailwindcss/oxide-linux-arm64-gnu Completed in 48ms
359 timing reifyNode:node_modules/@tailwindcss/oxide-linux-arm-gnueabihf Completed in 48ms
360 timing reifyNode:node_modules/@tailwindcss/oxide-freebsd-x64 Completed in 48ms
361 timing reifyNode:node_modules/@tailwindcss/oxide-darwin-arm64 Completed in 49ms
362 timing reifyNode:node_modules/@tailwindcss/oxide-android-arm64 Completed in 49ms
363 timing reifyNode:node_modules/@rollup/rollup-win32-x64-msvc Completed in 49ms
364 timing reifyNode:node_modules/@rollup/rollup-win32-x64-gnu Completed in 49ms
365 timing reifyNode:node_modules/@rollup/rollup-win32-ia32-msvc Completed in 49ms
366 timing reifyNode:node_modules/@rollup/rollup-win32-arm64-msvc Completed in 50ms
367 timing reifyNode:node_modules/@rollup/rollup-openharmony-arm64 Completed in 50ms
368 timing reifyNode:node_modules/@rollup/rollup-openbsd-x64 Completed in 51ms
369 timing reifyNode:node_modules/@rollup/rollup-linux-x64-musl Completed in 51ms
370 timing reifyNode:node_modules/@rollup/rollup-linux-x64-gnu Completed in 50ms
371 timing reifyNode:node_modules/@rollup/rollup-linux-s390x-gnu Completed in 50ms
372 timing reifyNode:node_modules/@rollup/rollup-linux-riscv64-musl Completed in 50ms
373 timing reifyNode:node_modules/@rollup/rollup-linux-riscv64-gnu Completed in 50ms
374 timing reifyNode:node_modules/@rollup/rollup-linux-ppc64-musl Completed in 50ms
375 timing reifyNode:node_modules/@rollup/rollup-linux-ppc64-gnu Completed in 50ms
376 timing reifyNode:node_modules/@rollup/rollup-linux-loong64-musl Completed in 50ms
377 timing reifyNode:node_modules/@rollup/rollup-linux-loong64-gnu Completed in 51ms
378 timing reifyNode:node_modules/@rollup/rollup-linux-arm64-musl Completed in 54ms
379 timing reifyNode:node_modules/@rollup/rollup-linux-arm64-gnu Completed in 54ms
380 timing reifyNode:node_modules/@rollup/rollup-linux-arm-musleabihf Completed in 54ms
381 timing reifyNode:node_modules/@rollup/rollup-linux-arm-gnueabihf Completed in 54ms
382 timing reifyNode:node_modules/@rollup/rollup-freebsd-x64 Completed in 54ms
383 timing reifyNode:node_modules/@rollup/rollup-freebsd-arm64 Completed in 54ms
384 timing reifyNode:node_modules/@rollup/rollup-darwin-arm64 Completed in 53ms
385 timing reifyNode:node_modules/@rollup/rollup-android-arm64 Completed in 54ms
386 timing reifyNode:node_modules/@rollup/rollup-android-arm-eabi Completed in 54ms
387 timing reifyNode:node_modules/@esbuild/win32-x64 Completed in 54ms
388 timing reifyNode:node_modules/@esbuild/win32-ia32 Completed in 54ms
389 timing reifyNode:node_modules/@esbuild/win32-arm64 Completed in 54ms
390 timing reifyNode:node_modules/@esbuild/sunos-x64 Completed in 54ms
391 timing reifyNode:node_modules/@esbuild/openbsd-x64 Completed in 54ms
392 timing reifyNode:node_modules/@esbuild/netbsd-x64 Completed in 54ms
393 timing reifyNode:node_modules/@esbuild/linux-x64 Completed in 54ms
394 timing reifyNode:node_modules/@esbuild/linux-s390x Completed in 54ms
395 timing reifyNode:node_modules/@esbuild/linux-riscv64 Completed in 54ms
396 timing reifyNode:node_modules/@esbuild/linux-ppc64 Completed in 53ms
397 timing reifyNode:node_modules/@esbuild/linux-mips64el Completed in 53ms
398 timing reifyNode:node_modules/@esbuild/linux-loong64 Completed in 54ms
399 timing reifyNode:node_modules/@esbuild/linux-ia32 Completed in 54ms
400 timing reifyNode:node_modules/@esbuild/linux-arm64 Completed in 54ms
401 timing reifyNode:node_modules/@esbuild/linux-arm Completed in 54ms
402 timing reifyNode:node_modules/@esbuild/freebsd-x64 Completed in 54ms
403 timing reifyNode:node_modules/@esbuild/freebsd-arm64 Completed in 54ms
404 timing reifyNode:node_modules/@esbuild/darwin-arm64 Completed in 54ms
405 timing reifyNode:node_modules/@esbuild/android-x64 Completed in 54ms
406 timing reifyNode:node_modules/@esbuild/android-arm64 Completed in 54ms
407 timing reifyNode:node_modules/@esbuild/android-arm Completed in 54ms
408 timing reifyNode:node_modules/@esbuild/aix-ppc64 Completed in 54ms
409 silly tarball no local data for xml2js@https://registry.npmjs.org/xml2js/-/xml2js-0.5.0.tgz. Extracting by manifest.
410 silly tarball no local data for fs-minipass@https://registry.npmjs.org/fs-minipass/-/fs-minipass-2.1.0.tgz. Extracting by manifest.
411 silly tarball no local data for tar@https://registry.npmjs.org/tar/-/tar-6.2.1.tgz. Extracting by manifest.
412 silly tarball no local data for rimraf@https://registry.npmjs.org/rimraf/-/rimraf-4.4.1.tgz. Extracting by manifest.
413 silly tarball no local data for minizlib@https://registry.npmjs.org/minizlib/-/minizlib-2.1.2.tgz. Extracting by manifest.
414 silly tarball no local data for glob@https://registry.npmjs.org/glob/-/glob-9.3.5.tgz. Extracting by manifest.
415 silly tarball no local data for minipass@https://registry.npmjs.org/minipass/-/minipass-4.2.8.tgz. Extracting by manifest.
416 silly tarball no local data for commander@https://registry.npmjs.org/commander/-/commander-9.5.0.tgz. Extracting by manifest.
417 silly tarball no local data for chownr@https://registry.npmjs.org/chownr/-/chownr-2.0.0.tgz. Extracting by manifest.
418 silly tarball no local data for @ionic/utils-subprocess@https://registry.npmjs.org/@ionic/utils-subprocess/-/utils-subprocess-2.1.11.tgz. Extracting by manifest.
419 silly tarball no local data for @ionic/utils-stream@https://registry.npmjs.org/@ionic/utils-stream/-/utils-stream-3.1.5.tgz. Extracting by manifest.
420 silly tarball no local data for @ionic/utils-process@https://registry.npmjs.org/@ionic/utils-process/-/utils-process-2.1.10.tgz. Extracting by manifest.
421 silly tarball no local data for @ionic/utils-object@https://registry.npmjs.org/@ionic/utils-object/-/utils-object-2.1.5.tgz. Extracting by manifest.
422 silly tarball no local data for @ionic/utils-array@https://registry.npmjs.org/@ionic/utils-array/-/utils-array-2.1.5.tgz. Extracting by manifest.
423 silly tarball no local data for @capacitor/cli@https://registry.npmjs.org/@capacitor/cli/-/cli-6.2.1.tgz. Extracting by manifest.
424 silly tarball no local data for @capacitor/ios@https://registry.npmjs.org/@capacitor/ios/-/ios-6.2.1.tgz. Extracting by manifest.
425 silly tarball no local data for @capacitor/android@https://registry.npmjs.org/@capacitor/android/-/android-6.2.1.tgz. Extracting by manifest.
426 silly tarball no local data for yallist@https://registry.npmjs.org/yallist/-/yallist-4.0.0.tgz. Extracting by manifest.
427 silly tarball no local data for minipass@https://registry.npmjs.org/minipass/-/minipass-3.3.6.tgz. Extracting by manifest.
428 silly tarball no local data for yallist@https://registry.npmjs.org/yallist/-/yallist-4.0.0.tgz. Extracting by manifest.
429 silly tarball no local data for minipass@https://registry.npmjs.org/minipass/-/minipass-5.0.0.tgz. Extracting by manifest.
430 silly tarball no local data for yallist@https://registry.npmjs.org/yallist/-/yallist-4.0.0.tgz. Extracting by manifest.
431 silly tarball no local data for minipass@https://registry.npmjs.org/minipass/-/minipass-3.3.6.tgz. Extracting by manifest.
432 silly tarball no local data for minimatch@https://registry.npmjs.org/minimatch/-/minimatch-8.0.7.tgz. Extracting by manifest.
433 silly tarball no local data for @ionic/utils-terminal@https://registry.npmjs.org/@ionic/utils-terminal/-/utils-terminal-2.3.3.tgz. Extracting by manifest.
434 silly tarball no local data for @ionic/utils-fs@https://registry.npmjs.org/@ionic/utils-fs/-/utils-fs-3.1.6.tgz. Extracting by manifest.
435 silly tarball no local data for @ionic/utils-terminal@https://registry.npmjs.org/@ionic/utils-terminal/-/utils-terminal-2.3.3.tgz. Extracting by manifest.
436 http fetch POST 200 https://registry.npmjs.org/-/npm/v1/security/advisories/bulk 453ms
437 timing auditReport:getReport Completed in 460ms
438 silly audit report {
438 silly audit report   esbuild: [
438 silly audit report     {
438 silly audit report       id: 1102341,
438 silly audit report       url: 'https://github.com/advisories/GHSA-67mh-4wv8-2f99',
438 silly audit report       title: 'esbuild enables any website to send any requests to the development server and read the response',
438 silly audit report       severity: 'moderate',
438 silly audit report       vulnerable_versions: '<=0.24.2',
438 silly audit report       cwe: [Array],
438 silly audit report       cvss: [Object]
438 silly audit report     }
438 silly audit report   ],
438 silly audit report   vite: [
438 silly audit report     {
438 silly audit report       id: 1116229,
438 silly audit report       url: 'https://github.com/advisories/GHSA-4w7w-66w2-5vf9',
438 silly audit report       title: 'Vite Vulnerable to Path Traversal in Optimized Deps `.map` Handling',
438 silly audit report       severity: 'moderate',
438 silly audit report       vulnerable_versions: '<=6.4.1',
438 silly audit report       cwe: [Array],
438 silly audit report       cvss: [Object]
438 silly audit report     }
438 silly audit report   ],
438 silly audit report   tar: [
438 silly audit report     {
438 silly audit report       id: 1112659,
438 silly audit report       url: 'https://github.com/advisories/GHSA-34x7-hfp2-rc4v',
438 silly audit report       title: 'node-tar Vulnerable to Arbitrary File Creation/Overwrite via Hardlink Path Traversal',
438 silly audit report       severity: 'high',
438 silly audit report       vulnerable_versions: '<7.5.7',
438 silly audit report       cwe: [Array],
438 silly audit report       cvss: [Object]
438 silly audit report     },
438 silly audit report     {
438 silly audit report       id: 1113300,
438 silly audit report       url: 'https://github.com/advisories/GHSA-8qq5-rm4j-mr97',
438 silly audit report       title: 'node-tar is Vulnerable to Arbitrary File Overwrite and Symlink Poisoning via Insufficient Path Sanitization',
438 silly audit report       severity: 'high',
438 silly audit report       vulnerable_versions: '<=7.5.2',
438 silly audit report       cwe: [Array],
438 silly audit report       cvss: [Object]
438 silly audit report     },
438 silly audit report     {
438 silly audit report       id: 1113375,
438 silly audit report       url: 'https://github.com/advisories/GHSA-83g3-92jg-28cx',
438 silly audit report       title: 'Arbitrary File Read/Write via Hardlink Target Escape Through Symlink Chain in node-tar Extraction',
438 silly audit report       severity: 'high',
438 silly audit report       vulnerable_versions: '<7.5.8',
438 silly audit report       cwe: [Array],
438 silly audit report       cvss: [Object]
438 silly audit report     },
438 silly audit report     {
438 silly audit report       id: 1114200,
438 silly audit report       url: 'https://github.com/advisories/GHSA-qffp-2rhf-9h96',
438 silly audit report       title: 'tar has Hardlink Path Traversal via Drive-Relative Linkpath',
438 silly audit report       severity: 'high',
438 silly audit report       vulnerable_versions: '<=7.5.9',
438 silly audit report       cwe: [Array],
438 silly audit report       cvss: [Object]
438 silly audit report     },
438 silly audit report     {
438 silly audit report       id: 1114302,
438 silly audit report       url: 'https://github.com/advisories/GHSA-9ppj-qmqm-q256',
438 silly audit report       title: 'node-tar Symlink Path Traversal via Drive-Relative Linkpath',
438 silly audit report       severity: 'high',
438 silly audit report       vulnerable_versions: '<=7.5.10',
438 silly audit report       cwe: [Array],
438 silly audit report       cvss: [Object]
438 silly audit report     },
438 silly audit report     {
438 silly audit report       id: 1114680,
438 silly audit report       url: 'https://github.com/advisories/GHSA-r6q2-hw4h-h46w',
438 silly audit report       title: 'Race Condition in node-tar Path Reservations via Unicode Ligature Collisions on macOS APFS',
438 silly audit report       severity: 'high',
438 silly audit report       vulnerable_versions: '<=7.5.3',
438 silly audit report       cwe: [Array],
438 silly audit report       cvss: [Object]
438 silly audit report     }
438 silly audit report   ]
438 silly audit report }
439 timing metavuln:packument:tar Completed in 3ms
440 timing metavuln:cache:get:security-advisory:tar:qPQeYPFDBIedTWfYK3sbnScF6Ha7ouTs+wgndnz4PT5P+/K+GBD4epoPcYpXlu6AC7gSJlCJTJeuKbYAFoK9PA== Completed in 14ms
441 timing metavuln:load:security-advisory:tar:1112659 Completed in 10ms
442 timing metavuln:cache:get:security-advisory:tar:cbwMpzkxWE086TmEbj2aUk80Z6hlvP0jzlWS+XiX15JwqEtFzUgHyHj3QX4I6EZYk8tgcYPuNr3hYFVCQY6e3Q== Completed in 38ms
443 timing metavuln:load:security-advisory:tar:1113300 Completed in 3ms
444 timing metavuln:cache:get:security-advisory:tar:Bbf0Br7FJ1lJBIJDoLLFwjsDrbaYgLVqfrwr0ATzSQWEKW7Xp073S+5zxU9imRf4OqRJHo2MsCDeyKR0KRVsdA== Completed in 42ms
445 timing metavuln:load:security-advisory:tar:1113375 Completed in 9ms
446 timing metavuln:cache:get:security-advisory:tar:eeMx7uxRjV2T2ub1XcSZGVUMDQllh5SgBOjApRXoDwccZb2xPyoJEKCNDkl/ZQGHcurw9K/Nf+wQF6u7SWH6CQ== Completed in 52ms
447 timing metavuln:load:security-advisory:tar:1114200 Completed in 4ms
448 timing metavuln:cache:get:security-advisory:tar:UWW3Y4BpqE/fE3Qp2/QBaix5a7TZZoP7gM6asxPYL9ED9MweoK3ryao+Bp0Y6Y8Xds/rmjAafpG21YRYkP3N4g== Completed in 61ms
449 timing metavuln:load:security-advisory:tar:1114302 Completed in 4ms
450 timing metavuln:cache:get:security-advisory:tar:vbDW3SJe6e2hhLv65iuyXehzCzEAirdu2MloZluu8ApJ5S0mpjZNCz+7tMRaz8WDOzMKfYQKi/M/IfcFNOa3Cw== Completed in 65ms
451 timing metavuln:load:security-advisory:tar:1114680 Completed in 2ms
452 timing reifyNode:node_modules/fs.realpath Completed in 629ms
453 timing reifyNode:node_modules/glob/node_modules/brace-expansion Completed in 624ms
454 timing metavuln:cache:get:security-advisory:vite:I1BdsVrQ8+F0Nz5pjiEY7gYSFBzvKNwOR8nQyg9euOprN34SC4VipJH1GMc8WCRl+e0xZWGr2QiYwiNwqO4gag== Completed in 181ms
455 timing metavuln:cache:get:security-advisory:esbuild:jKdCIzePj7J1488qgRXvF8Srh9wutSuR1exB8YooNX62hT+qhtrUXYbArLNoIhgwbaCqKpmduh18syZU7BR9SA== Completed in 183ms
456 timing reifyNode:node_modules/mkdirp Completed in 651ms
457 timing metavuln:cache:put:security-advisory:tar:qPQeYPFDBIedTWfYK3sbnScF6Ha7ouTs+wgndnz4PT5P+/K+GBD4epoPcYpXlu6AC7gSJlCJTJeuKbYAFoK9PA== Completed in 264ms
458 timing metavuln:calculate:security-advisory:tar:1112659 Completed in 297ms
459 timing metavuln:cache:put:security-advisory:tar:eeMx7uxRjV2T2ub1XcSZGVUMDQllh5SgBOjApRXoDwccZb2xPyoJEKCNDkl/ZQGHcurw9K/Nf+wQF6u7SWH6CQ== Completed in 246ms
460 timing metavuln:calculate:security-advisory:tar:1114200 Completed in 306ms
461 timing metavuln:cache:put:security-advisory:tar:cbwMpzkxWE086TmEbj2aUk80Z6hlvP0jzlWS+XiX15JwqEtFzUgHyHj3QX4I6EZYk8tgcYPuNr3hYFVCQY6e3Q== Completed in 264ms
462 timing metavuln:calculate:security-advisory:tar:1113300 Completed in 306ms
463 timing metavuln:cache:put:security-advisory:tar:Bbf0Br7FJ1lJBIJDoLLFwjsDrbaYgLVqfrwr0ATzSQWEKW7Xp073S+5zxU9imRf4OqRJHo2MsCDeyKR0KRVsdA== Completed in 255ms
464 timing metavuln:calculate:security-advisory:tar:1113375 Completed in 306ms
465 timing metavuln:cache:put:security-advisory:tar:UWW3Y4BpqE/fE3Qp2/QBaix5a7TZZoP7gM6asxPYL9ED9MweoK3ryao+Bp0Y6Y8Xds/rmjAafpG21YRYkP3N4g== Completed in 242ms
466 timing metavuln:calculate:security-advisory:tar:1114302 Completed in 307ms
467 timing metavuln:cache:put:security-advisory:tar:vbDW3SJe6e2hhLv65iuyXehzCzEAirdu2MloZluu8ApJ5S0mpjZNCz+7tMRaz8WDOzMKfYQKi/M/IfcFNOa3Cw== Completed in 243ms
468 timing metavuln:calculate:security-advisory:tar:1114680 Completed in 311ms
469 http fetch GET 200 https://registry.npmjs.org/esbuild 325ms (cache hit)
470 timing metavuln:packument:esbuild Completed in 334ms
471 timing metavuln:load:security-advisory:esbuild:1102341 Completed in 2ms
472 timing metavuln:calculate:security-advisory:esbuild:1102341 Completed in 336ms
473 http fetch GET 200 https://registry.npmjs.org/vite 342ms (cache hit)
474 timing metavuln:packument:vite Completed in 374ms
475 timing metavuln:load:security-advisory:vite:1116229 Completed in 6ms
476 timing metavuln:calculate:security-advisory:vite:1116229 Completed in 382ms
477 timing metavuln:cache:get:security-advisory:vite:tMBsdAS7JBTyRORp0YaJR984WAAsOxgmReSLBN0Nd41GhzEakjROICqAJ31iOdYG5Ijo/MlJ01p3ig1iN88+Tw== Completed in 100ms
478 timing metavuln:load:security-advisory:vite:jKdCIzePj7J1488qgRXvF8Srh9wutSuR1exB8YooNX62hT+qhtrUXYbArLNoIhgwbaCqKpmduh18syZU7BR9SA== Completed in 5ms
479 timing metavuln:calculate:security-advisory:vite:jKdCIzePj7J1488qgRXvF8Srh9wutSuR1exB8YooNX62hT+qhtrUXYbArLNoIhgwbaCqKpmduh18syZU7BR9SA== Completed in 105ms
480 http fetch GET 200 https://registry.npmjs.org/xml2js/-/xml2js-0.5.0.tgz 904ms (cache miss)
481 timing reifyNode:node_modules/xml2js Completed in 995ms
482 http fetch GET 200 https://registry.npmjs.org/fs-minipass/-/fs-minipass-2.1.0.tgz 917ms (cache miss)
483 timing reifyNode:node_modules/fs-minipass Completed in 1014ms
484 http fetch GET 200 https://registry.npmjs.org/minizlib/-/minizlib-2.1.2.tgz 916ms (cache miss)
485 timing reifyNode:node_modules/minizlib Completed in 1012ms
486 timing metavuln:cache:get:security-advisory:@tailwindcss/vite:lMK3O+kEr71vusKS2Pw4G1U3RWcQv99P3ShhluQCPXoDR/cp7YqM4PZUDEHtZu9OsssltQZkG1Tn42JiBbalLQ== Completed in 132ms
487 timing metavuln:cache:get:security-advisory:@vitejs/plugin-react:9Gy9+ze27G1us6B+W8biV10fSWWlbvxdqXOWR2dOcacJriijvaJSB375JaNqMBMF4g4ZE1YqsyqGPI5D0gHDqQ== Completed in 129ms
488 http fetch GET 200 https://registry.npmjs.org/chownr/-/chownr-2.0.0.tgz 983ms (cache miss)
489 timing reifyNode:node_modules/chownr Completed in 1081ms
490 http fetch GET 200 https://registry.npmjs.org/yallist/-/yallist-4.0.0.tgz 977ms (cache miss)
491 timing reifyNode:node_modules/tar/node_modules/yallist Completed in 1097ms
492 timing reifyNode:node_modules/path-scurry/node_modules/minipass Completed in 1141ms
493 http fetch GET 200 https://registry.npmjs.org/yallist/-/yallist-4.0.0.tgz 1029ms (cache miss)
494 timing reifyNode:node_modules/fs-minipass/node_modules/yallist Completed in 1151ms
495 http fetch GET 200 https://registry.npmjs.org/yallist/-/yallist-4.0.0.tgz 1026ms (cache miss)
496 timing reifyNode:node_modules/minizlib/node_modules/yallist Completed in 1147ms
497 http fetch GET 200 https://registry.npmjs.org/@tailwindcss%2fvite 255ms (cache hit)
498 timing metavuln:packument:@tailwindcss/vite Completed in 271ms
499 timing metavuln:load:security-advisory:@tailwindcss/vite:I1BdsVrQ8+F0Nz5pjiEY7gYSFBzvKNwOR8nQyg9euOprN34SC4VipJH1GMc8WCRl+e0xZWGr2QiYwiNwqO4gag== Completed in 10ms
500 timing metavuln:calculate:security-advisory:@tailwindcss/vite:I1BdsVrQ8+F0Nz5pjiEY7gYSFBzvKNwOR8nQyg9euOprN34SC4VipJH1GMc8WCRl+e0xZWGr2QiYwiNwqO4gag== Completed in 282ms
501 http fetch GET 200 https://registry.npmjs.org/@vitejs%2fplugin-react 299ms (cache hit)
502 timing metavuln:packument:@vitejs/plugin-react Completed in 311ms
503 timing metavuln:load:security-advisory:@vitejs/plugin-react:I1BdsVrQ8+F0Nz5pjiEY7gYSFBzvKNwOR8nQyg9euOprN34SC4VipJH1GMc8WCRl+e0xZWGr2QiYwiNwqO4gag== Completed in 1ms
504 timing metavuln:calculate:security-advisory:@vitejs/plugin-react:I1BdsVrQ8+F0Nz5pjiEY7gYSFBzvKNwOR8nQyg9euOprN34SC4VipJH1GMc8WCRl+e0xZWGr2QiYwiNwqO4gag== Completed in 313ms
505 timing metavuln:packument:@capacitor/cli Completed in 1ms
506 http fetch GET 200 https://registry.npmjs.org/@ionic/utils-subprocess/-/utils-subprocess-2.1.11.tgz 1193ms (cache miss)
507 timing reifyNode:node_modules/@ionic/utils-subprocess Completed in 1292ms
508 timing metavuln:cache:get:security-advisory:@capacitor/cli:L0h7gRqm2P49vreLIned8CKF2hKY6H3e1lHu34tlYUrer3pKqxxcEjRDcfkQ4PH95us/LXztPlm095Xkty8leQ== Completed in 24ms
509 timing metavuln:load:security-advisory:@capacitor/cli:qPQeYPFDBIedTWfYK3sbnScF6Ha7ouTs+wgndnz4PT5P+/K+GBD4epoPcYpXlu6AC7gSJlCJTJeuKbYAFoK9PA== Completed in 93ms
510 http fetch GET 200 https://registry.npmjs.org/minipass/-/minipass-3.3.6.tgz 1290ms (cache miss)
511 timing reifyNode:node_modules/fs-minipass/node_modules/minipass Completed in 1412ms
512 http fetch GET 200 https://registry.npmjs.org/minipass/-/minipass-4.2.8.tgz 1319ms (cache miss)
513 timing reifyNode:node_modules/minipass Completed in 1415ms
514 timing reifyNode:node_modules/path-scurry Completed in 1428ms
515 http fetch GET 200 https://registry.npmjs.org/minipass/-/minipass-3.3.6.tgz 1313ms (cache miss)
516 timing reifyNode:node_modules/minizlib/node_modules/minipass Completed in 1434ms
517 http fetch GET 200 https://registry.npmjs.org/minipass/-/minipass-5.0.0.tgz 1325ms (cache miss)
518 timing reifyNode:node_modules/tar/node_modules/minipass Completed in 1446ms
519 http fetch GET 200 https://registry.npmjs.org/@ionic/utils-array/-/utils-array-2.1.5.tgz 1353ms (cache miss)
520 timing reifyNode:node_modules/@ionic/utils-array Completed in 1462ms
521 http fetch GET 200 https://registry.npmjs.org/@ionic/utils-object/-/utils-object-2.1.5.tgz 1363ms (cache miss)
522 timing reifyNode:node_modules/@ionic/utils-object Completed in 1472ms
523 timing metavuln:cache:put:security-advisory:@capacitor/cli:L0h7gRqm2P49vreLIned8CKF2hKY6H3e1lHu34tlYUrer3pKqxxcEjRDcfkQ4PH95us/LXztPlm095Xkty8leQ== Completed in 117ms
524 timing metavuln:calculate:security-advisory:@capacitor/cli:qPQeYPFDBIedTWfYK3sbnScF6Ha7ouTs+wgndnz4PT5P+/K+GBD4epoPcYpXlu6AC7gSJlCJTJeuKbYAFoK9PA== Completed in 235ms
525 timing auditReport:init Completed in 1083ms
526 timing reify:audit Completed in 1549ms
527 timing reifyNode:node_modules/fs-extra Completed in 1534ms
528 http fetch GET 200 https://registry.npmjs.org/@ionic/utils-stream/-/utils-stream-3.1.5.tgz 1439ms (cache miss)
529 timing reifyNode:node_modules/@ionic/utils-stream Completed in 1539ms
530 timing reifyNode:node_modules/@capacitor/cli/node_modules/semver Completed in 1546ms
531 http fetch GET 200 https://registry.npmjs.org/@ionic/utils-process/-/utils-process-2.1.10.tgz 1455ms (cache miss)
532 timing reifyNode:node_modules/@ionic/utils-process Completed in 1556ms
533 http fetch GET 200 https://registry.npmjs.org/@ionic/utils-terminal/-/utils-terminal-2.3.3.tgz 1442ms (cache miss)
534 timing reifyNode:node_modules/@ionic/utils-process/node_modules/@ionic/utils-terminal Completed in 1567ms
535 http fetch GET 200 https://registry.npmjs.org/@ionic/utils-fs/-/utils-fs-3.1.6.tgz 1459ms (cache miss)
536 timing reifyNode:node_modules/@ionic/utils-subprocess/node_modules/@ionic/utils-fs Completed in 1583ms
537 http fetch GET 200 https://registry.npmjs.org/@ionic/utils-terminal/-/utils-terminal-2.3.3.tgz 1470ms (cache miss)
538 timing reifyNode:node_modules/@ionic/utils-subprocess/node_modules/@ionic/utils-terminal Completed in 1598ms
539 http fetch GET 200 https://registry.npmjs.org/commander/-/commander-9.5.0.tgz 1506ms (cache miss)
540 timing reifyNode:node_modules/commander Completed in 1603ms
541 timing reifyNode:node_modules/path-scurry/node_modules/lru-cache Completed in 1613ms
542 http fetch GET 200 https://registry.npmjs.org/tar/-/tar-6.2.1.tgz 1557ms (cache miss)
543 warn deprecated tar@6.2.1: Old versions of tar are not supported, and contain widely publicized security vulnerabilities, which have been fixed in the current version. Please update. Support for old versions may be purchased (at exorbitant rates) by contacting i@izs.me
544 timing reifyNode:node_modules/tar Completed in 1652ms
545 http fetch GET 200 https://registry.npmjs.org/minimatch/-/minimatch-8.0.7.tgz 1686ms (cache miss)
546 http fetch GET 200 https://registry.npmjs.org/glob/-/glob-9.3.5.tgz 1715ms (cache miss)
547 timing reifyNode:node_modules/glob/node_modules/minimatch Completed in 1814ms
548 warn deprecated glob@9.3.5: Old versions of glob are not supported, and contain widely publicized security vulnerabilities, which have been fixed in the current version. Please update. Support for old versions may be purchased (at exorbitant rates) by contacting i@izs.me
549 timing reifyNode:node_modules/glob Completed in 1817ms
550 http fetch GET 200 https://registry.npmjs.org/rimraf/-/rimraf-4.4.1.tgz 1826ms (cache miss)
551 timing reifyNode:node_modules/rimraf Completed in 1924ms
552 http fetch GET 200 https://registry.npmjs.org/@capacitor/ios/-/ios-6.2.1.tgz 1874ms (cache miss)
553 timing reifyNode:node_modules/@capacitor/ios Completed in 1985ms
554 http fetch GET 200 https://registry.npmjs.org/@capacitor/android/-/android-6.2.1.tgz 1881ms (cache miss)
555 http fetch GET 200 https://registry.npmjs.org/@capacitor/cli/-/cli-6.2.1.tgz 1886ms (cache miss)
556 timing reifyNode:node_modules/@capacitor/android Completed in 1996ms
557 timing reifyNode:node_modules/@capacitor/cli Completed in 1997ms
558 timing reify:unpack Completed in 2005ms
559 timing reify:unretire Completed in 5ms
560 timing build:queue Completed in 6ms
561 timing build:link:node_modules/mkdirp Completed in 5ms
562 timing build:link:node_modules/@capacitor/cli/node_modules/semver Completed in 5ms
563 timing build:link:node_modules/rimraf Completed in 5ms
564 timing build:link:node_modules/@capacitor/cli Completed in 7ms
565 timing build:link Completed in 7ms
566 timing build:deps Completed in 13ms
567 timing build Completed in 14ms
568 timing reify:build Completed in 14ms
569 timing reify:trash Completed in 241ms
570 timing reify:save Completed in 561ms
571 timing reify Completed in 4350ms
572 silly ADD node_modules/mkdirp
573 silly ADD node_modules/fs-minipass
574 silly ADD node_modules/fs-minipass/node_modules/yallist
575 silly ADD node_modules/fs-minipass/node_modules/minipass
576 silly ADD node_modules/fs.realpath
577 silly ADD
578 silly ADD
579 silly ADD
580 silly ADD
581 silly ADD
582 silly ADD
583 silly ADD
584 silly ADD
585 silly ADD
586 silly ADD
587 silly ADD
588 silly ADD
589 silly ADD
590 silly ADD
591 silly ADD
592 silly ADD
593 silly ADD
594 silly ADD
595 silly ADD
596 silly ADD
597 silly ADD
598 silly ADD
599 silly ADD
600 silly ADD
601 silly ADD
602 silly ADD
603 silly ADD
604 silly ADD
605 silly ADD
606 silly ADD
607 silly ADD
608 silly ADD
609 silly ADD
610 silly ADD
611 silly ADD
612 silly ADD
613 silly ADD
614 silly ADD
615 silly ADD
616 silly ADD
617 silly ADD
618 silly ADD
619 silly ADD
620 silly ADD
621 silly ADD
622 silly ADD
623 silly ADD
624 silly ADD
625 silly ADD
626 silly ADD
627 silly ADD
628 silly ADD
629 silly ADD
630 silly ADD
631 silly ADD
632 silly ADD
633 silly ADD
634 silly ADD
635 silly ADD
636 silly ADD
637 silly ADD
638 silly ADD
639 silly ADD
640 silly ADD
641 silly ADD
642 silly ADD
643 silly ADD
644 silly CHANGE node_modules/xml2js
645 silly CHANGE node_modules/tar
646 silly ADD node_modules/tar/node_modules/minipass
647 silly CHANGE node_modules/tar/node_modules/yallist
648 silly CHANGE node_modules/rimraf
649 silly CHANGE node_modules/path-scurry
650 silly ADD node_modules/path-scurry/node_modules/minipass
651 silly CHANGE node_modules/path-scurry/node_modules/lru-cache
652 silly REMOVE node_modules/package-json-from-dist
653 silly CHANGE node_modules/minizlib
654 silly ADD node_modules/minizlib/node_modules/yallist
655 silly ADD node_modules/minizlib/node_modules/minipass
656 silly CHANGE node_modules/minipass
657 silly CHANGE node_modules/glob
658 silly CHANGE node_modules/glob/node_modules/minimatch
659 silly CHANGE node_modules/glob/node_modules/brace-expansion
660 silly REMOVE node_modules/glob/node_modules/balanced-match
661 silly CHANGE node_modules/fs-extra
662 silly CHANGE node_modules/commander
663 silly CHANGE node_modules/chownr
664 silly REMOVE node_modules/@isaacs/fs-minipass
665 silly CHANGE node_modules/@ionic/utils-subprocess
666 silly ADD node_modules/@ionic/utils-subprocess/node_modules/@ionic/utils-terminal
667 silly ADD node_modules/@ionic/utils-subprocess/node_modules/@ionic/utils-fs
668 silly CHANGE node_modules/@ionic/utils-stream
669 silly CHANGE node_modules/@ionic/utils-process
670 silly ADD node_modules/@ionic/utils-process/node_modules/@ionic/utils-terminal
671 silly CHANGE node_modules/@ionic/utils-object
672 silly REMOVE node_modules/@ionic/utils-fs/node_modules/fs-extra
673 silly CHANGE node_modules/@ionic/utils-array
674 silly CHANGE node_modules/@capacitor/ios
675 silly CHANGE node_modules/@capacitor/cli
676 silly CHANGE node_modules/@capacitor/cli/node_modules/semver
677 silly CHANGE node_modules/@capacitor/android
678 timing command:install Completed in 4426ms
679 verbose exit 0
680 timing npm Completed in 4776ms
681 info ok
